[2026-03-26T13:47:02.219987] ============================================================
[2026-03-26T13:47:02.220176] WATCHDOG CHECK START
[2026-03-26T13:47:02.396586] ✅ SearXNG: Healthy (HTTP 200)
[2026-03-26T13:47:02.410400] ✅ Daemon: Running (PID: 52750)
[2026-03-26T13:47:02.422331] ❌ Scraper: NOT RUNNING
[2026-03-26T13:47:02.422509] ℹ️  Scraper: Not currently running (may be between cycles)
[2026-03-26T13:47:02.422631] ⚠️  Database growth: No baseline yet
[2026-03-26T13:47:02.422690] ✅ ALL SYSTEMS HEALTHY
[2026-03-26T13:47:02.422744] WATCHDOG CHECK END
[2026-03-26T13:47:02.422800] ============================================================
[2026-03-27T04:03:02.586996] ============================================================
[2026-03-27T04:03:02.587278] WATCHDOG CHECK START
[2026-03-27T04:03:02.764897] ✅ SearXNG: Healthy (HTTP 200)
[2026-03-27T04:03:02.778086] ✅ Daemon: Running (PID: 69549)
[2026-03-27T04:03:02.791509] ❌ Scraper: NOT RUNNING
[2026-03-27T04:03:02.791848] ℹ️  Scraper: Not currently running (may be between cycles)
[2026-03-27T04:03:02.792133] ⚠️  Database growth: No baseline yet
[2026-03-27T04:03:02.792232] ✅ ALL SYSTEMS HEALTHY
[2026-03-27T04:03:02.792320] WATCHDOG CHECK END
[2026-03-27T04:03:02.792398] ============================================================
[2026-03-27T05:32:52.495689] ============================================================
[2026-03-27T05:32:52.495999] WATCHDOG CHECK START
[2026-03-27T05:32:52.663200] ✅ SearXNG: Healthy (HTTP 200)
[2026-03-27T05:32:52.677823] ✅ Daemon: Running (PID: 69549)
[2026-03-27T05:32:52.690164] ✅ Scraper: Running (PID: 143867)
[2026-03-27T05:32:52.690429] ⚠️  Database growth: No baseline yet
[2026-03-27T05:32:52.690508] ✅ ALL SYSTEMS HEALTHY
[2026-03-27T05:32:52.690566] WATCHDOG CHECK END
[2026-03-27T05:32:52.690622] ============================================================
[2026-03-27T07:03:15.383950] ============================================================
[2026-03-27T07:03:15.384235] WATCHDOG CHECK START
[2026-03-27T07:03:15.567953] ✅ SearXNG: Healthy (HTTP 200)
[2026-03-27T07:03:15.580221] ✅ Daemon: Running (PID: 69549)
[2026-03-27T07:03:15.591458] ✅ Scraper: Running (PID: 153420)
[2026-03-27T07:03:15.591649] ⚠️  Database growth: No baseline yet
[2026-03-27T07:03:15.591717] ✅ ALL SYSTEMS HEALTHY
[2026-03-27T07:03:15.591771] WATCHDOG CHECK END
[2026-03-27T07:03:15.591825] ============================================================
[2026-03-27T07:33:24.367702] ============================================================
[2026-03-27T07:33:24.367893] WATCHDOG CHECK START
[2026-03-27T07:33:24.547950] ✅ SearXNG: Healthy (HTTP 200)
[2026-03-27T07:33:24.559589] ✅ Daemon: Running (PID: 69549)
[2026-03-27T07:33:24.570831] ✅ Scraper: Running (PID: 156704)
[2026-03-27T07:33:24.571108] ⚠️  Database growth: No baseline yet
[2026-03-27T07:33:24.571227] ✅ ALL SYSTEMS HEALTHY
[2026-03-27T07:33:24.571319] WATCHDOG CHECK END
[2026-03-27T07:33:24.571409] ============================================================
[2026-03-27T08:02:59.230344] ============================================================
[2026-03-27T08:02:59.230608] WATCHDOG CHECK START
[2026-03-27T08:02:59.412200] ✅ SearXNG: Healthy (HTTP 200)
[2026-03-27T08:02:59.425752] ✅ Daemon: Running (PID: 69549)
[2026-03-27T08:02:59.438716] ✅ Scraper: Running (PID: 160026)
[2026-03-27T08:02:59.439065] ⚠️  Database growth: No baseline yet
[2026-03-27T08:02:59.439159] ✅ ALL SYSTEMS HEALTHY
[2026-03-27T08:02:59.439248] WATCHDOG CHECK END
[2026-03-27T08:02:59.439322] ============================================================
[2026-03-27T08:32:52.240786] ============================================================
[2026-03-27T08:32:52.241057] WATCHDOG CHECK START
[2026-03-27T08:32:52.434547] ✅ SearXNG: Healthy (HTTP 200)
[2026-03-27T08:32:52.448647] ✅ Daemon: Running (PID: 69549)
[2026-03-27T08:32:52.460760] ❌ Scraper: NOT RUNNING
[2026-03-27T08:32:52.460953] ℹ️  Scraper: Not currently running (may be between cycles)
[2026-03-27T08:32:52.461094] ⚠️  Database growth: No baseline yet
[2026-03-27T08:32:52.461153] ✅ ALL SYSTEMS HEALTHY
[2026-03-27T08:32:52.461207] WATCHDOG CHECK END
[2026-03-27T08:32:52.461254] ============================================================
[2026-03-27T09:02:52.536540] ============================================================
[2026-03-27T09:02:52.536788] WATCHDOG CHECK START
[2026-03-27T09:02:52.694698] ✅ SearXNG: Healthy (HTTP 200)
[2026-03-27T09:02:52.707575] ✅ Daemon: Running (PID: 69549)
[2026-03-27T09:02:52.720747] ✅ Scraper: Running (PID: 166915)
[2026-03-27T09:02:52.721021] ⚠️  Database growth: No baseline yet
[2026-03-27T09:02:52.721103] ✅ ALL SYSTEMS HEALTHY
[2026-03-27T09:02:52.721210] WATCHDOG CHECK END
[2026-03-27T09:02:52.721274] ============================================================
[2026-03-27T09:34:52.096889] ============================================================
[2026-03-27T09:34:52.097056] WATCHDOG CHECK START
[2026-03-27T09:34:52.295941] ✅ SearXNG: Healthy (HTTP 200)
[2026-03-27T09:34:52.308701] ✅ Daemon: Running (PID: 69549)
[2026-03-27T09:34:52.320786] ✅ Scraper: Running (PID: 169966)
[2026-03-27T09:34:52.321043] ⚠️  Database growth: No baseline yet
[2026-03-27T09:34:52.321128] ✅ ALL SYSTEMS HEALTHY
[2026-03-27T09:34:52.321185] WATCHDOG CHECK END
[2026-03-27T09:34:52.321240] ============================================================
[2026-03-27T10:04:50.311290] ============================================================
[2026-03-27T10:04:50.311446] WATCHDOG CHECK START
[2026-03-27T10:04:50.489157] ✅ SearXNG: Healthy (HTTP 200)
[2026-03-27T10:04:50.501848] ✅ Daemon: Running (PID: 69549)
[2026-03-27T10:04:50.518080] ✅ Scraper: Running (PID: 173227)
[2026-03-27T10:04:50.518309] ⚠️  Database growth: No baseline yet
[2026-03-27T10:04:50.518380] ✅ ALL SYSTEMS HEALTHY
[2026-03-27T10:04:50.518437] WATCHDOG CHECK END
[2026-03-27T10:04:50.518490] ============================================================
