[2026-03-24 10:53:01] Running auto-upload...
⏰ [10:53:01] Generating dashboard...
📊 Total: 1851 virksomheder (ALLE)
📤 Uploading to here.now...
✅ Uploaded to https://hazy-meadow-83qf.here.now/navision-database-live.html
✅ Success! Live at: https://astral-kernel-4cf3.here.now/navision-database-live.html

[2026-03-24 10:54:02] Running auto-upload...
⏰ [10:54:02] Generating dashboard...
📊 Total: 1851 virksomheder (ALLE)
📤 Uploading to here.now...
✅ Uploaded to https://trusty-sleet-46j4.here.now/navision-database-live.html
✅ Success! Live at: https://astral-kernel-4cf3.here.now/navision-database-live.html

[2026-03-24 10:55:03] Running auto-upload...
⏰ [10:55:03] Generating dashboard...
📊 Total: 1851 virksomheder (ALLE)
📤 Uploading to here.now...
✅ Uploaded to https://summit-nectar-78gs.here.now/navision-database-live.html
✅ Success! Live at: https://astral-kernel-4cf3.here.now/navision-database-live.html

[2026-03-24 10:56:04] Running auto-upload...
⏰ [10:56:05] Generating dashboard...
📊 Total: 1851 virksomheder (ALLE)
📤 Uploading to here.now...
✅ Uploaded to https://faint-crystal-p8p8.here.now/navision-database-live.html
✅ Success! Live at: https://astral-kernel-4cf3.here.now/navision-database-live.html

[2026-03-24 10:57:06] Running auto-upload...
⏰ [10:57:06] Generating dashboard...
📊 Total: 1851 virksomheder (ALLE)
📤 Uploading to here.now...
✅ Uploaded to https://plush-cherry-pknx.here.now/navision-database-live.html
✅ Success! Live at: https://astral-kernel-4cf3.here.now/navision-database-live.html

[2026-03-24 10:58:07] Running auto-upload...
⏰ [10:58:07] Generating dashboard...
📊 Total: 1851 virksomheder (ALLE)
📤 Uploading to here.now...
✅ Uploaded to https://distant-pebble-ect7.here.now/navision-database-live.html
✅ Success! Live at: https://astral-kernel-4cf3.here.now/navision-database-live.html

