[2026-04-01T10:39:48.969196Z] ================================================================================
[2026-04-01T10:39:48.969373Z] CDQO NO COMPROMISE - Kun 100% bekræftet NAV
[2026-04-01T10:39:48.969421Z] ================================================================================
[2026-04-01T10:39:49.026202Z] 
=== RESULTAT: 5827 VIRKSOMHEDER ANALYSERET ===
[2026-04-01T10:39:49.026376Z] ✅ Behold (100% NAV): 1607 (27.6%)
[2026-04-01T10:39:49.026432Z] ❌ Fjern BC: 248 (4.3%)
[2026-04-01T10:39:49.026477Z] ❌ Fjern Uklar: 3972 (68.2%)
[2026-04-01T10:39:49.026516Z] 
=== FJERNES (eksempler) ===
[2026-04-01T10:39:49.026556Z]   ❌ Meldgaard (DK) - Uklar
[2026-04-01T10:39:49.026626Z]      Evidence: Support udløbet januar 2023! Ansøgningsfrist 30. marts 2026...
[2026-04-01T10:39:49.026670Z]   ❌ ABC Ikast A/S (DK) - Uklar
[2026-04-01T10:39:49.026708Z]      Evidence: 22 år kunde...
[2026-04-01T10:39:49.026751Z]   ❌ BC Maskinfabrik A/S (DK) - Uklar
[2026-04-01T10:39:49.026801Z]      Evidence: 20 år kunde...
[2026-04-01T10:39:49.026853Z]   ❌ Aalborg Lufthavn (DK) - Uklar
[2026-04-01T10:39:49.026895Z]      Evidence: 1...
[2026-04-01T10:39:49.026933Z]   ❌ HiFi Klubben (DK) - Uklar
[2026-04-01T10:39:49.026970Z]      Evidence: Multi-channel...
[2026-04-01T10:39:49.027007Z]   ❌ inco (DK) - Uklar
[2026-04-01T10:39:49.027045Z]      Evidence: Finans/lager/logistik...
[2026-04-01T10:39:49.027090Z]   ❌ Løwener (DK) - Uklar
[2026-04-01T10:39:49.027130Z]      Evidence: API-integration mellem webshop og NAV...
[2026-04-01T10:39:49.027168Z]   ❌ Nupo (DK) - Uklar
[2026-04-01T10:39:49.027207Z]      Evidence: N/A...
[2026-04-01T10:39:49.027246Z]   ❌ Synoptik (DK) - Uklar
[2026-04-01T10:39:49.027284Z]      Evidence: Svensk betalingsløsning udviklet...
[2026-04-01T10:39:49.027325Z]   ❌ Udenrigsministeriet (DK) - Uklar
[2026-04-01T10:39:49.027367Z]      Evidence: 120 repræsentationer globalt...
[2026-04-01T10:39:49.027409Z]   ❌ Ny Carlsberg Glyptotek (DK) - Uklar
[2026-04-01T10:39:49.027450Z]      Evidence: N/A...
[2026-04-01T10:39:49.027490Z]   ❌ Danske Vandværker (DK) - Uklar
[2026-04-01T10:39:49.027530Z]      Evidence: 2.000+ vandværker!...
[2026-04-01T10:39:49.027570Z]   ❌ Bella Center (DK) - Uklar
[2026-04-01T10:39:49.027638Z]      Evidence: N/A...
[2026-04-01T10:39:49.027675Z]   ❌ Rigsarkivet (DK) - Uklar
[2026-04-01T10:39:49.027707Z]      Evidence: N/A...
[2026-04-01T10:39:49.027739Z]   ❌ Rigshospitalet (DK) - Uklar
[2026-04-01T10:39:49.027769Z]      Evidence: N/A...
[2026-04-01T10:39:49.027808Z]   ❌ Greenland Travel (DK) - Uklar
[2026-04-01T10:39:49.027838Z]      Evidence: N/A...
[2026-04-01T10:39:49.027866Z]   ❌ Assens Havn (DK) - Uklar
[2026-04-01T10:39:49.027893Z]      Evidence: Skiftet fra C5 til SmallBizz med ERPgruppen...
[2026-04-01T10:39:49.027919Z]   ❌ Borup Kemi (DK) - Uklar
[2026-04-01T10:39:49.027945Z]      Evidence: Fik hosted NAV hos Columbus, slipper for nedetid...
[2026-04-01T10:39:49.027972Z]   ❌ ASE (Arbejdsløshedskassernes Samvirke) (DK) - Uklar
[2026-04-01T10:39:49.028000Z]      Evidence: https://ase.career.emply.com/ad/kreditorbogholder-accounts-payable-til-ases-finansafdeling/zu3pum/da...
[2026-04-01T10:39:49.028027Z]   ❌ Politiet (DK) - Uklar
[2026-04-01T10:39:49.028056Z]      Evidence: Offentlig...
[2026-04-01T10:39:49.028083Z] 
=== KØRER CLEANUP ===
[2026-04-01T10:39:49.028111Z] Fjerner 4220 virksomheder...
[2026-04-01T10:39:49.082295Z] 
✅ CLEANUP FÆRDIG!
[2026-04-01T10:39:49.082441Z] Ny total: 1607 virksomheder
[2026-04-01T10:39:49.082493Z] Fjernet: 4220 virksomheder
[2026-04-01T10:39:49.082906Z] 
Resultater gemt: /mnt/data/openclaw/workspace/.openclaw/workspace/navision-db/state/cdqo-no-compromise-results.json
[2026-04-01T10:39:49.082974Z] ================================================================================
[2026-04-01T10:39:49.083022Z] ✅ KUN 100% BEKRÆFTET NAV TILBAGE I DATABASSEN
[2026-04-01T10:39:49.083067Z] ================================================================================
