[2026-04-01T10:34:22.390258Z] ================================================================================
[2026-04-01T10:34:22.390415Z] CDQO PRODUCTION - NAV vs BC Cleanup
[2026-04-01T10:34:22.390447Z] ================================================================================
[2026-04-01T10:34:22.413785Z] Backup created: /mnt/data/openclaw/workspace/.openclaw/workspace/navision-db/database/navision-global-backup.db
[2026-04-01T10:34:22.448895Z] 
=== KLASSIFICERING AF 5827 VIRKSOMHEDER ===
[2026-04-01T10:34:22.449070Z] ✅ Ægte NAV: 1610 (27.6%)
[2026-04-01T10:34:22.449111Z] ❌ Business Central: 181 (3.1%)
[2026-04-01T10:34:22.449141Z] ❓ Uklart: 4036 (69.3%)
[2026-04-01T10:34:22.449167Z] 
=== EKSEMPLER PÅ BC (SKAL FJERNES) ===
[2026-04-01T10:34:22.449194Z]   ❌ Capgemini Sweden (SE)
[2026-04-01T10:34:22.449219Z]      Evidence: Microsoft Dynamics 365/Power Platform Konsult...
[2026-04-01T10:34:22.449242Z]   ❌ IKEA (SE)
[2026-04-01T10:34:22.449264Z]      Evidence: Bruger Microsoft Dynamics 365 Finance & Operations (tidligere NAV) i flere divisioner...
[2026-04-01T10:34:22.449286Z]   ❌ Yamaha Corporation (JP)
[2026-04-01T10:34:22.449307Z]      Evidence: Bruger Microsoft Dynamics 365 i europæiske datterselskaber...
[2026-04-01T10:34:22.449328Z]   ❌ Puma Energy (CH)
[2026-04-01T10:34:22.449350Z]      Evidence: Bruger Microsoft Dynamics 365 globalt ($18.5B revenue)...
[2026-04-01T10:34:22.449371Z]   ❌ Jcd Dk (DK)
[2026-04-01T10:34:22.449392Z]      Evidence: Case study: Microsoft Dynamics 365BusinessCentral- JCD A/S...
[2026-04-01T10:34:22.449414Z]   ❌ Microsoft Dynamics 365 – ERP-Software (DE)
[2026-04-01T10:34:22.449435Z]      Evidence: Case study: Microsoft Dynamics 365 – ERP-Software - RIB Cosinus...
[2026-04-01T10:34:22.449459Z]   ❌ Tecman Deutschland De (DE)
[2026-04-01T10:34:22.449480Z]      Evidence: Case study: TecmanDeutschland- Ihr Microsoft Dynamics 365BusinessCentral…...
[2026-04-01T10:34:22.449502Z]   ❌ Socitas De (DE)
[2026-04-01T10:34:22.449523Z]      Evidence: Case study: SOCITAS – Partner für Microsoft Dynamics 365BusinessCentral...
[2026-04-01T10:34:22.449545Z]   ❌ Referenzen (DE)
[2026-04-01T10:34:22.449566Z]      Evidence: Case study: Referenzen - zu Microsoft Dynamics 365 - BSS Ost Microsoft …...
[2026-04-01T10:34:22.449612Z]   ❌ Best Microsoft Dynamics 365BusinessCentralpartners and ... (DE)
[2026-04-01T10:34:22.449646Z]      Evidence: Case study: Best Microsoft Dynamics 365BusinessCentralpartners and ... - Elioplus...
[2026-04-01T10:34:22.449670Z] 
=== ANBEFALING ===
[2026-04-01T10:34:22.449692Z] 1. Fjern 181 BC-virksomheder (ikke ægte NAV)
[2026-04-01T10:34:22.449714Z] 2. Behold 1610 ægte NAV-virksomheder
[2026-04-01T10:34:22.449735Z] 3. Review 4036 uklare virksomheder manuelt
[2026-04-01T10:34:22.452106Z] 
Resultater gemt: /mnt/data/openclaw/workspace/.openclaw/workspace/navision-db/state/cdqo-classification.json
[2026-04-01T10:34:22.452153Z] BC IDs til sletning: 181
[2026-04-01T10:36:46.291482Z] ================================================================================
[2026-04-01T10:36:46.291648Z] CDQO PRODUCTION - NAV vs BC Cleanup
[2026-04-01T10:36:46.291702Z] ================================================================================
[2026-04-01T10:36:46.348848Z] 
=== KLASSIFICERING AF 5827 VIRKSOMHEDER ===
[2026-04-01T10:36:46.349069Z] ✅ Ægte NAV: 1619 (27.8%)
[2026-04-01T10:36:46.349129Z] ❌ Business Central: 183 (3.1%)
[2026-04-01T10:36:46.349168Z] ❓ Uklart: 4025 (69.1%)
[2026-04-01T10:36:46.349198Z] 
=== EKSEMPLER PÅ BC (SKAL FJERNES) ===
[2026-04-01T10:36:46.349230Z]   ❌ Capgemini Sweden (SE)
[2026-04-01T10:36:46.349260Z]      Evidence: Microsoft Dynamics 365/Power Platform Konsult...
[2026-04-01T10:36:46.349303Z]   ❌ IKEA (SE)
[2026-04-01T10:36:46.349344Z]      Evidence: Bruger Microsoft Dynamics 365 Finance & Operations (tidligere NAV) i flere divisioner...
[2026-04-01T10:36:46.349380Z]   ❌ Intrum (SE)
[2026-04-01T10:36:46.349424Z]      Evidence: Implementerede Dynamics 365 Finance (tidligere NAV). "Moderniseret økonomistyring"...
[2026-04-01T10:36:46.349478Z]   ❌ Yamaha Corporation (JP)
[2026-04-01T10:36:46.349524Z]      Evidence: Bruger Microsoft Dynamics 365 i europæiske datterselskaber...
[2026-04-01T10:36:46.349581Z]   ❌ Heineken USA (US)
[2026-04-01T10:36:46.349651Z]      Evidence: Bruger Dynamics 365 Supply Chain Management (tidligere NAV baseret)...
[2026-04-01T10:36:46.349698Z]   ❌ Puma Energy (CH)
[2026-04-01T10:36:46.349724Z]      Evidence: Bruger Microsoft Dynamics 365 globalt ($18.5B revenue)...
[2026-04-01T10:36:46.349748Z]   ❌ Jcd Dk (DK)
[2026-04-01T10:36:46.349770Z]      Evidence: Case study: Microsoft Dynamics 365BusinessCentral- JCD A/S...
[2026-04-01T10:36:46.349793Z]   ❌ Microsoft Dynamics 365 – ERP-Software (DE)
[2026-04-01T10:36:46.349817Z]      Evidence: Case study: Microsoft Dynamics 365 – ERP-Software - RIB Cosinus...
[2026-04-01T10:36:46.349840Z]   ❌ Tecman Deutschland De (DE)
[2026-04-01T10:36:46.349862Z]      Evidence: Case study: TecmanDeutschland- Ihr Microsoft Dynamics 365BusinessCentral…...
[2026-04-01T10:36:46.349884Z]   ❌ Socitas De (DE)
[2026-04-01T10:36:46.349906Z]      Evidence: Case study: SOCITAS – Partner für Microsoft Dynamics 365BusinessCentral...
[2026-04-01T10:36:46.349930Z] 
=== ANBEFALING ===
[2026-04-01T10:36:46.349954Z] 1. Fjern 183 BC-virksomheder (ikke ægte NAV)
[2026-04-01T10:36:46.349977Z] 2. Behold 1619 ægte NAV-virksomheder
[2026-04-01T10:36:46.349999Z] 3. Review 4025 uklare virksomheder manuelt
[2026-04-01T10:36:46.353197Z] 
Resultater gemt: /mnt/data/openclaw/workspace/.openclaw/workspace/navision-db/state/cdqo-classification.json
[2026-04-01T10:36:46.353260Z] BC IDs til sletning: 183
