[2026-04-02T06:53:18.864410] ============================================================
[2026-04-02T06:53:18.864558] 🚀 NAVISION 24/7 DAEMON STARTER
[2026-04-02T06:53:18.864674] 📁 Directory: /mnt/data/openclaw/workspace/.openclaw/workspace/navision-db/scripts
[2026-04-02T06:53:18.864736] ⏰ Interval: 60 sekunder (KØRER KONSTANT!)
[2026-04-02T06:53:18.864787] 📝 Log file: /mnt/data/openclaw/workspace/.openclaw/workspace/navision-db/scripts/logs/daemon.log
[2026-04-02T06:53:18.864842] ============================================================
[2026-04-02T06:53:18.864954] 
📊 Run #1 - 2026-04-02T06:53:18.864950
[2026-04-02T06:53:18.865026] 🕷️  Kører scraper...
[2026-04-02T07:02:32.306489] ✅ Scraper completed successfully
[2026-04-02T07:02:32.306732] Output: 📋 Queue: 6 pending, 2 completed
✅ SearXNG healthy (5 engines, 11 results)
🕷️  Running scraper: theirstack for DK
🕷️  TheirStack scraper for DK
  📍 Scraping DK page 1/5
  ✅ Page 1: 10 companies (total: 10)
  📍 Scraping DK page 2/5
  ✅ Page 2: 10 companies (total: 20)
  📍 Scraping DK page 3/5
  ✅ Page 3: 10 companies (total: 30)
  📍 Scraping DK page 4/5
  ✅ Page 4: 10 companies (total: 40)
  📍 Scraping DK page 5/5
  ✅ Page 5: 10 companies (total: 50)
✅ TheirStack/DK: 10 unique companies
✅ theirstack/DK: Found 10 companies, inserted 0 new
🕷️  Running scraper: theirstack for SE
🕷️  TheirStack scraper for SE
  📍 Scraping SE page 1/5
  ✅ Page 1: 10 companies (total: 10)
  📍 Scraping SE page 2/5
  ✅ Page 2: 10 companies (total: 20)
  📍 Scraping SE page 3/5
  ✅ Page 3: 10 companies (total: 30)
  📍 Scraping SE page 4/5
  ✅ Page 4: 10 companies (total: 40)
  📍 Scraping SE page 5/5
  ✅ Page 5: 10 companies (total: 50)
✅ TheirStack/SE: 9 unique companies
✅ theirstack/SE: Found 9 companies, inserte
[2026-04-02T07:02:32.307018] 😴 Venter 60 sekunder...
[2026-04-02T07:03:32.307256] 
📊 Run #2 - 2026-04-02T07:03:32.307227
[2026-04-02T07:03:32.307539] 🕷️  Kører scraper...
[2026-04-02T07:12:15.682800] ✅ Scraper completed successfully
[2026-04-02T07:12:15.682990] Output: 📋 Queue: 6 pending, 2 completed
✅ SearXNG healthy (5 engines, 11 results)
🕷️  Running scraper: theirstack for DK
🕷️  TheirStack scraper for DK
  📍 Scraping DK page 1/5
  ✅ Page 1: 10 companies (total: 10)
  📍 Scraping DK page 2/5
  ✅ Page 2: 10 companies (total: 20)
  📍 Scraping DK page 3/5
  ✅ Page 3: 10 companies (total: 30)
  📍 Scraping DK page 4/5
  ✅ Page 4: 10 companies (total: 40)
  📍 Scraping DK page 5/5
  ✅ Page 5: 10 companies (total: 50)
✅ TheirStack/DK: 10 unique companies
✅ theirstack/DK: Found 10 companies, inserted 0 new
🕷️  Running scraper: theirstack for SE
🕷️  TheirStack scraper for SE
  📍 Scraping SE page 1/5
  ✅ Page 1: 10 companies (total: 10)
  📍 Scraping SE page 2/5
  ✅ Page 2: 10 companies (total: 20)
  📍 Scraping SE page 3/5
  ✅ Page 3: 10 companies (total: 30)
  📍 Scraping SE page 4/5
  ✅ Page 4: 10 companies (total: 40)
  📍 Scraping SE page 5/5
  ✅ Page 5: 10 companies (total: 50)
✅ TheirStack/SE: 9 unique companies
✅ theirstack/SE: Found 9 companies, inserte
[2026-04-02T07:12:15.683292] 😴 Venter 60 sekunder...
[2026-04-02T07:13:15.713701] 
📊 Run #3 - 2026-04-02T07:13:15.713674
[2026-04-02T07:13:15.713980] 🕷️  Kører scraper...
[2026-04-02T07:22:13.548326] ✅ Scraper completed successfully
[2026-04-02T07:22:13.548560] Output: 📋 Queue: 6 pending, 2 completed
✅ SearXNG healthy (5 engines, 11 results)
🕷️  Running scraper: theirstack for DK
🕷️  TheirStack scraper for DK
  📍 Scraping DK page 1/5
  ✅ Page 1: 10 companies (total: 10)
  📍 Scraping DK page 2/5
  ✅ Page 2: 10 companies (total: 20)
  📍 Scraping DK page 3/5
  ✅ Page 3: 10 companies (total: 30)
  📍 Scraping DK page 4/5
  ✅ Page 4: 10 companies (total: 40)
  📍 Scraping DK page 5/5
  ✅ Page 5: 10 companies (total: 50)
✅ TheirStack/DK: 10 unique companies
✅ theirstack/DK: Found 10 companies, inserted 0 new
🕷️  Running scraper: theirstack for SE
🕷️  TheirStack scraper for SE
  📍 Scraping SE page 1/5
  ✅ Page 1: 10 companies (total: 10)
  📍 Scraping SE page 2/5
  ✅ Page 2: 10 companies (total: 20)
  📍 Scraping SE page 3/5
  ✅ Page 3: 10 companies (total: 30)
  📍 Scraping SE page 4/5
  ✅ Page 4: 10 companies (total: 40)
  📍 Scraping SE page 5/5
  ✅ Page 5: 10 companies (total: 50)
✅ TheirStack/SE: 9 unique companies
✅ theirstack/SE: Found 9 companies, inserte
[2026-04-02T07:22:13.548961] 😴 Venter 60 sekunder...
[2026-04-02T07:23:13.549191] 
📊 Run #4 - 2026-04-02T07:23:13.549166
[2026-04-02T07:23:13.549423] 🕷️  Kører scraper...
[2026-04-02T07:31:49.483956] ✅ Scraper completed successfully
[2026-04-02T07:31:49.484217] Output: 📋 Queue: 6 pending, 2 completed
✅ SearXNG healthy (5 engines, 11 results)
🕷️  Running scraper: theirstack for DK
🕷️  TheirStack scraper for DK
  📍 Scraping DK page 1/5
  ✅ Page 1: 10 companies (total: 10)
  📍 Scraping DK page 2/5
  ✅ Page 2: 10 companies (total: 20)
  📍 Scraping DK page 3/5
  ✅ Page 3: 10 companies (total: 30)
  📍 Scraping DK page 4/5
  ✅ Page 4: 10 companies (total: 40)
  📍 Scraping DK page 5/5
  ✅ Page 5: 10 companies (total: 50)
✅ TheirStack/DK: 10 unique companies
✅ theirstack/DK: Found 10 companies, inserted 0 new
🕷️  Running scraper: theirstack for SE
🕷️  TheirStack scraper for SE
  📍 Scraping SE page 1/5
  ✅ Page 1: 10 companies (total: 10)
  📍 Scraping SE page 2/5
  ✅ Page 2: 10 companies (total: 20)
  📍 Scraping SE page 3/5
  ✅ Page 3: 10 companies (total: 30)
  📍 Scraping SE page 4/5
  ✅ Page 4: 10 companies (total: 40)
  📍 Scraping SE page 5/5
  ✅ Page 5: 10 companies (total: 50)
✅ TheirStack/SE: 9 unique companies
✅ theirstack/SE: Found 9 companies, inserte
[2026-04-02T07:31:49.484639] 😴 Venter 60 sekunder...
[2026-04-02T07:32:49.484908] 
📊 Run #5 - 2026-04-02T07:32:49.484880
[2026-04-02T07:32:49.485149] 🕷️  Kører scraper...
[2026-04-02T07:41:21.669251] ✅ Scraper completed successfully
[2026-04-02T07:41:21.669476] Output: 📋 Queue: 6 pending, 2 completed
✅ SearXNG healthy (5 engines, 11 results)
🕷️  Running scraper: theirstack for DK
🕷️  TheirStack scraper for DK
  📍 Scraping DK page 1/5
  ✅ Page 1: 10 companies (total: 10)
  📍 Scraping DK page 2/5
  ✅ Page 2: 10 companies (total: 20)
  📍 Scraping DK page 3/5
  ✅ Page 3: 10 companies (total: 30)
  📍 Scraping DK page 4/5
  ✅ Page 4: 10 companies (total: 40)
  📍 Scraping DK page 5/5
  ✅ Page 5: 10 companies (total: 50)
✅ TheirStack/DK: 10 unique companies
✅ theirstack/DK: Found 10 companies, inserted 0 new
🕷️  Running scraper: theirstack for SE
🕷️  TheirStack scraper for SE
  📍 Scraping SE page 1/5
  ✅ Page 1: 10 companies (total: 10)
  📍 Scraping SE page 2/5
  ✅ Page 2: 10 companies (total: 20)
  📍 Scraping SE page 3/5
  ✅ Page 3: 10 companies (total: 30)
  📍 Scraping SE page 4/5
  ✅ Page 4: 10 companies (total: 40)
  📍 Scraping SE page 5/5
  ✅ Page 5: 10 companies (total: 50)
✅ TheirStack/SE: 9 unique companies
✅ theirstack/SE: Found 9 companies, inserte
[2026-04-02T07:41:21.669860] 😴 Venter 60 sekunder...
[2026-04-02T07:42:21.670114] 
📊 Run #6 - 2026-04-02T07:42:21.670083
[2026-04-02T07:42:21.670383] 🕷️  Kører scraper...
[2026-04-02T07:51:10.110748] ✅ Scraper completed successfully
[2026-04-02T07:51:10.110952] Output: 📋 Queue: 6 pending, 2 completed
✅ SearXNG healthy (5 engines, 11 results)
🕷️  Running scraper: theirstack for DK
🕷️  TheirStack scraper for DK
  📍 Scraping DK page 1/5
  ✅ Page 1: 10 companies (total: 10)
  📍 Scraping DK page 2/5
  ✅ Page 2: 10 companies (total: 20)
  📍 Scraping DK page 3/5
  ✅ Page 3: 10 companies (total: 30)
  📍 Scraping DK page 4/5
  ✅ Page 4: 10 companies (total: 40)
  📍 Scraping DK page 5/5
  ✅ Page 5: 10 companies (total: 50)
✅ TheirStack/DK: 10 unique companies
✅ theirstack/DK: Found 10 companies, inserted 0 new
🕷️  Running scraper: theirstack for SE
🕷️  TheirStack scraper for SE
  📍 Scraping SE page 1/5
  ✅ Page 1: 10 companies (total: 10)
  📍 Scraping SE page 2/5
  ✅ Page 2: 10 companies (total: 20)
  📍 Scraping SE page 3/5
  ✅ Page 3: 10 companies (total: 30)
  📍 Scraping SE page 4/5
  ✅ Page 4: 10 companies (total: 40)
  📍 Scraping SE page 5/5
  ✅ Page 5: 10 companies (total: 50)
✅ TheirStack/SE: 9 unique companies
✅ theirstack/SE: Found 9 companies, inserte
[2026-04-02T07:51:10.111312] 😴 Venter 60 sekunder...
[2026-04-02T07:52:10.111577] 
📊 Run #7 - 2026-04-02T07:52:10.111548
[2026-04-02T07:52:10.111902] 🕷️  Kører scraper...
[2026-04-02T08:00:26.304532] ✅ Scraper completed successfully
[2026-04-02T08:00:26.304800] Output: 📋 Queue: 6 pending, 2 completed
✅ SearXNG healthy (5 engines, 11 results)
🕷️  Running scraper: theirstack for DK
🕷️  TheirStack scraper for DK
  📍 Scraping DK page 1/5
  ✅ Page 1: 10 companies (total: 10)
  📍 Scraping DK page 2/5
  ✅ Page 2: 10 companies (total: 20)
  📍 Scraping DK page 3/5
  ✅ Page 3: 10 companies (total: 30)
  📍 Scraping DK page 4/5
  ✅ Page 4: 10 companies (total: 40)
  📍 Scraping DK page 5/5
  ✅ Page 5: 10 companies (total: 50)
✅ TheirStack/DK: 10 unique companies
✅ theirstack/DK: Found 10 companies, inserted 0 new
🕷️  Running scraper: theirstack for SE
🕷️  TheirStack scraper for SE
  📍 Scraping SE page 1/5
  ✅ Page 1: 10 companies (total: 10)
  📍 Scraping SE page 2/5
  ✅ Page 2: 10 companies (total: 20)
  📍 Scraping SE page 3/5
  ✅ Page 3: 10 companies (total: 30)
  📍 Scraping SE page 4/5
  ✅ Page 4: 10 companies (total: 40)
  📍 Scraping SE page 5/5
  ✅ Page 5: 10 companies (total: 50)
✅ TheirStack/SE: 9 unique companies
✅ theirstack/SE: Found 9 companies, inserte
[2026-04-02T08:00:26.305083] 😴 Venter 60 sekunder...
[2026-04-02T08:01:26.305286] 
📊 Run #8 - 2026-04-02T08:01:26.305265
[2026-04-02T08:01:26.305520] 🕷️  Kører scraper...
[2026-04-02T08:10:24.473887] ✅ Scraper completed successfully
[2026-04-02T08:10:24.474083] Output: 📋 Queue: 6 pending, 2 completed
✅ SearXNG healthy (5 engines, 11 results)
🕷️  Running scraper: theirstack for DK
🕷️  TheirStack scraper for DK
  📍 Scraping DK page 1/5
  ✅ Page 1: 10 companies (total: 10)
  📍 Scraping DK page 2/5
  ✅ Page 2: 10 companies (total: 20)
  📍 Scraping DK page 3/5
  ✅ Page 3: 10 companies (total: 30)
  📍 Scraping DK page 4/5
  ✅ Page 4: 10 companies (total: 40)
  📍 Scraping DK page 5/5
  ✅ Page 5: 10 companies (total: 50)
✅ TheirStack/DK: 10 unique companies
✅ theirstack/DK: Found 10 companies, inserted 0 new
🕷️  Running scraper: theirstack for SE
🕷️  TheirStack scraper for SE
  📍 Scraping SE page 1/5
  ✅ Page 1: 10 companies (total: 10)
  📍 Scraping SE page 2/5
  ✅ Page 2: 10 companies (total: 20)
  📍 Scraping SE page 3/5
  ✅ Page 3: 10 companies (total: 30)
  📍 Scraping SE page 4/5
  ✅ Page 4: 10 companies (total: 40)
  📍 Scraping SE page 5/5
  ✅ Page 5: 10 companies (total: 50)
✅ TheirStack/SE: 9 unique companies
✅ theirstack/SE: Found 9 companies, inserte
[2026-04-02T08:10:24.474333] 😴 Venter 60 sekunder...
[2026-04-02T08:11:24.474518] 
📊 Run #9 - 2026-04-02T08:11:24.474495
[2026-04-02T08:11:24.474739] 🕷️  Kører scraper...
[2026-04-02T08:20:02.277490] ✅ Scraper completed successfully
[2026-04-02T08:20:02.277763] Output: 📋 Queue: 6 pending, 2 completed
✅ SearXNG healthy (5 engines, 11 results)
🕷️  Running scraper: theirstack for DK
🕷️  TheirStack scraper for DK
  📍 Scraping DK page 1/5
  ✅ Page 1: 10 companies (total: 10)
  📍 Scraping DK page 2/5
  ✅ Page 2: 10 companies (total: 20)
  📍 Scraping DK page 3/5
  ✅ Page 3: 10 companies (total: 30)
  📍 Scraping DK page 4/5
  ✅ Page 4: 10 companies (total: 40)
  📍 Scraping DK page 5/5
  ✅ Page 5: 10 companies (total: 50)
✅ TheirStack/DK: 10 unique companies
✅ theirstack/DK: Found 10 companies, inserted 0 new
🕷️  Running scraper: theirstack for SE
🕷️  TheirStack scraper for SE
  📍 Scraping SE page 1/5
  ✅ Page 1: 10 companies (total: 10)
  📍 Scraping SE page 2/5
  ✅ Page 2: 10 companies (total: 20)
  📍 Scraping SE page 3/5
  ✅ Page 3: 10 companies (total: 30)
  📍 Scraping SE page 4/5
  ✅ Page 4: 10 companies (total: 40)
  📍 Scraping SE page 5/5
  ✅ Page 5: 10 companies (total: 50)
✅ TheirStack/SE: 9 unique companies
✅ theirstack/SE: Found 9 companies, inserte
[2026-04-02T08:20:02.278172] 😴 Venter 60 sekunder...
[2026-04-02T08:21:02.278461] 
📊 Run #10 - 2026-04-02T08:21:02.278433
[2026-04-02T08:21:02.278810] 🕷️  Kører scraper...
[2026-04-02T08:29:40.372101] ✅ Scraper completed successfully
[2026-04-02T08:29:40.372304] Output: 📋 Queue: 6 pending, 2 completed
✅ SearXNG healthy (5 engines, 11 results)
🕷️  Running scraper: theirstack for DK
🕷️  TheirStack scraper for DK
  📍 Scraping DK page 1/5
  ✅ Page 1: 10 companies (total: 10)
  📍 Scraping DK page 2/5
  ✅ Page 2: 10 companies (total: 20)
  📍 Scraping DK page 3/5
  ✅ Page 3: 10 companies (total: 30)
  📍 Scraping DK page 4/5
  ✅ Page 4: 10 companies (total: 40)
  📍 Scraping DK page 5/5
  ✅ Page 5: 10 companies (total: 50)
✅ TheirStack/DK: 10 unique companies
✅ theirstack/DK: Found 10 companies, inserted 0 new
🕷️  Running scraper: theirstack for SE
🕷️  TheirStack scraper for SE
  📍 Scraping SE page 1/5
  ✅ Page 1: 10 companies (total: 10)
  📍 Scraping SE page 2/5
  ✅ Page 2: 10 companies (total: 20)
  📍 Scraping SE page 3/5
  ✅ Page 3: 10 companies (total: 30)
  📍 Scraping SE page 4/5
  ✅ Page 4: 10 companies (total: 40)
  📍 Scraping SE page 5/5
  ✅ Page 5: 10 companies (total: 50)
✅ TheirStack/SE: 9 unique companies
✅ theirstack/SE: Found 9 companies, inserte
[2026-04-02T08:29:40.372578] 😴 Venter 60 sekunder...
[2026-04-02T08:30:40.372897] 
📊 Run #11 - 2026-04-02T08:30:40.372871
[2026-04-02T08:30:40.373128] 🕷️  Kører scraper...
[2026-04-02T08:39:27.553562] ✅ Scraper completed successfully
[2026-04-02T08:39:27.553791] Output: 📋 Queue: 6 pending, 2 completed
✅ SearXNG healthy (5 engines, 11 results)
🕷️  Running scraper: theirstack for DK
🕷️  TheirStack scraper for DK
  📍 Scraping DK page 1/5
  ✅ Page 1: 10 companies (total: 10)
  📍 Scraping DK page 2/5
  ✅ Page 2: 10 companies (total: 20)
  📍 Scraping DK page 3/5
  ✅ Page 3: 10 companies (total: 30)
  📍 Scraping DK page 4/5
  ✅ Page 4: 10 companies (total: 40)
  📍 Scraping DK page 5/5
  ✅ Page 5: 10 companies (total: 50)
✅ TheirStack/DK: 10 unique companies
✅ theirstack/DK: Found 10 companies, inserted 0 new
🕷️  Running scraper: theirstack for SE
🕷️  TheirStack scraper for SE
  📍 Scraping SE page 1/5
  ✅ Page 1: 10 companies (total: 10)
  📍 Scraping SE page 2/5
  ✅ Page 2: 10 companies (total: 20)
  📍 Scraping SE page 3/5
  ✅ Page 3: 10 companies (total: 30)
  📍 Scraping SE page 4/5
  ✅ Page 4: 10 companies (total: 40)
  📍 Scraping SE page 5/5
  ✅ Page 5: 10 companies (total: 50)
✅ TheirStack/SE: 9 unique companies
✅ theirstack/SE: Found 9 companies, inserte
[2026-04-02T08:39:27.554063] 😴 Venter 60 sekunder...
[2026-04-02T08:40:27.614668] 
📊 Run #12 - 2026-04-02T08:40:27.614640
[2026-04-02T08:40:27.614955] 🕷️  Kører scraper...
[2026-04-02T08:49:00.471054] ✅ Scraper completed successfully
[2026-04-02T08:49:00.471286] Output: 📋 Queue: 6 pending, 2 completed
✅ SearXNG healthy (5 engines, 11 results)
🕷️  Running scraper: theirstack for DK
🕷️  TheirStack scraper for DK
  📍 Scraping DK page 1/5
  ✅ Page 1: 10 companies (total: 10)
  📍 Scraping DK page 2/5
  ✅ Page 2: 10 companies (total: 20)
  📍 Scraping DK page 3/5
  ✅ Page 3: 10 companies (total: 30)
  📍 Scraping DK page 4/5
  ✅ Page 4: 10 companies (total: 40)
  📍 Scraping DK page 5/5
  ✅ Page 5: 10 companies (total: 50)
✅ TheirStack/DK: 10 unique companies
✅ theirstack/DK: Found 10 companies, inserted 0 new
🕷️  Running scraper: theirstack for SE
🕷️  TheirStack scraper for SE
  📍 Scraping SE page 1/5
  ✅ Page 1: 10 companies (total: 10)
  📍 Scraping SE page 2/5
  ✅ Page 2: 10 companies (total: 20)
  📍 Scraping SE page 3/5
  ✅ Page 3: 10 companies (total: 30)
  📍 Scraping SE page 4/5
  ✅ Page 4: 10 companies (total: 40)
  📍 Scraping SE page 5/5
  ✅ Page 5: 10 companies (total: 50)
✅ TheirStack/SE: 9 unique companies
✅ theirstack/SE: Found 9 companies, inserte
[2026-04-02T08:49:00.471539] 😴 Venter 60 sekunder...
[2026-04-02T08:50:00.471778] 
📊 Run #13 - 2026-04-02T08:50:00.471753
[2026-04-02T08:50:00.472018] 🕷️  Kører scraper...
[2026-04-02T08:58:41.401401] ✅ Scraper completed successfully
[2026-04-02T08:58:41.401631] Output: 📋 Queue: 6 pending, 2 completed
✅ SearXNG healthy (5 engines, 11 results)
🕷️  Running scraper: theirstack for DK
🕷️  TheirStack scraper for DK
  📍 Scraping DK page 1/5
  ✅ Page 1: 10 companies (total: 10)
  📍 Scraping DK page 2/5
  ✅ Page 2: 10 companies (total: 20)
  📍 Scraping DK page 3/5
  ✅ Page 3: 10 companies (total: 30)
  📍 Scraping DK page 4/5
  ✅ Page 4: 10 companies (total: 40)
  📍 Scraping DK page 5/5
  ✅ Page 5: 10 companies (total: 50)
✅ TheirStack/DK: 10 unique companies
✅ theirstack/DK: Found 10 companies, inserted 0 new
🕷️  Running scraper: theirstack for SE
🕷️  TheirStack scraper for SE
  📍 Scraping SE page 1/5
  ✅ Page 1: 10 companies (total: 10)
  📍 Scraping SE page 2/5
  ✅ Page 2: 10 companies (total: 20)
  📍 Scraping SE page 3/5
  ✅ Page 3: 10 companies (total: 30)
  📍 Scraping SE page 4/5
  ✅ Page 4: 10 companies (total: 40)
  📍 Scraping SE page 5/5
  ✅ Page 5: 10 companies (total: 50)
✅ TheirStack/SE: 9 unique companies
✅ theirstack/SE: Found 9 companies, inserte
[2026-04-02T08:58:41.401974] 😴 Venter 60 sekunder...
[2026-04-02T08:59:41.415666] 
📊 Run #14 - 2026-04-02T08:59:41.415639
[2026-04-02T08:59:41.415971] 🕷️  Kører scraper...
[2026-04-02T09:07:35.401523] ✅ Scraper completed successfully
[2026-04-02T09:07:35.401784] Output: 📋 Queue: 6 pending, 2 completed
✅ SearXNG healthy (5 engines, 11 results)
🕷️  Running scraper: theirstack for DK
🕷️  TheirStack scraper for DK
  📍 Scraping DK page 1/5
  ✅ Page 1: 10 companies (total: 10)
  📍 Scraping DK page 2/5
  ✅ Page 2: 10 companies (total: 20)
  📍 Scraping DK page 3/5
  ✅ Page 3: 10 companies (total: 30)
  📍 Scraping DK page 4/5
  ✅ Page 4: 10 companies (total: 40)
  📍 Scraping DK page 5/5
  ✅ Page 5: 10 companies (total: 50)
✅ TheirStack/DK: 10 unique companies
✅ theirstack/DK: Found 10 companies, inserted 0 new
🕷️  Running scraper: theirstack for SE
🕷️  TheirStack scraper for SE
  📍 Scraping SE page 1/5
  ✅ Page 1: 10 companies (total: 10)
  📍 Scraping SE page 2/5
  ✅ Page 2: 10 companies (total: 20)
  📍 Scraping SE page 3/5
  ✅ Page 3: 10 companies (total: 30)
  📍 Scraping SE page 4/5
  ✅ Page 4: 10 companies (total: 40)
  📍 Scraping SE page 5/5
  ✅ Page 5: 10 companies (total: 50)
✅ TheirStack/SE: 9 unique companies
✅ theirstack/SE: Found 9 companies, inserte
[2026-04-02T09:07:35.402056] 😴 Venter 60 sekunder...
[2026-04-02T09:08:35.402327] 
📊 Run #15 - 2026-04-02T09:08:35.402298
[2026-04-02T09:08:35.402671] 🕷️  Kører scraper...
[2026-04-02T09:17:28.309259] ✅ Scraper completed successfully
[2026-04-02T09:17:28.309446] Output: 📋 Queue: 6 pending, 2 completed
✅ SearXNG healthy (5 engines, 11 results)
🕷️  Running scraper: theirstack for DK
🕷️  TheirStack scraper for DK
  📍 Scraping DK page 1/5
  ✅ Page 1: 10 companies (total: 10)
  📍 Scraping DK page 2/5
  ✅ Page 2: 10 companies (total: 20)
  📍 Scraping DK page 3/5
  ✅ Page 3: 10 companies (total: 30)
  📍 Scraping DK page 4/5
  ✅ Page 4: 10 companies (total: 40)
  📍 Scraping DK page 5/5
  ✅ Page 5: 10 companies (total: 50)
✅ TheirStack/DK: 10 unique companies
✅ theirstack/DK: Found 10 companies, inserted 0 new
🕷️  Running scraper: theirstack for SE
🕷️  TheirStack scraper for SE
  📍 Scraping SE page 1/5
  ✅ Page 1: 10 companies (total: 10)
  📍 Scraping SE page 2/5
  ✅ Page 2: 10 companies (total: 20)
  📍 Scraping SE page 3/5
  ✅ Page 3: 10 companies (total: 30)
  📍 Scraping SE page 4/5
  ✅ Page 4: 10 companies (total: 40)
  📍 Scraping SE page 5/5
  ✅ Page 5: 10 companies (total: 50)
✅ TheirStack/SE: 9 unique companies
✅ theirstack/SE: Found 9 companies, inserte
[2026-04-02T09:17:28.309729] 😴 Venter 60 sekunder...
[2026-04-02T09:18:28.309948] 
📊 Run #16 - 2026-04-02T09:18:28.309923
[2026-04-02T09:18:28.310190] 🕷️  Kører scraper...
[2026-04-02T09:26:56.881524] ✅ Scraper completed successfully
[2026-04-02T09:26:56.881805] Output: 📋 Queue: 6 pending, 2 completed
✅ SearXNG healthy (5 engines, 11 results)
🕷️  Running scraper: theirstack for DK
🕷️  TheirStack scraper for DK
  📍 Scraping DK page 1/5
  ✅ Page 1: 10 companies (total: 10)
  📍 Scraping DK page 2/5
  ✅ Page 2: 10 companies (total: 20)
  📍 Scraping DK page 3/5
  ✅ Page 3: 10 companies (total: 30)
  📍 Scraping DK page 4/5
  ✅ Page 4: 10 companies (total: 40)
  📍 Scraping DK page 5/5
  ✅ Page 5: 10 companies (total: 50)
✅ TheirStack/DK: 10 unique companies
✅ theirstack/DK: Found 10 companies, inserted 0 new
🕷️  Running scraper: theirstack for SE
🕷️  TheirStack scraper for SE
  📍 Scraping SE page 1/5
  ✅ Page 1: 10 companies (total: 10)
  📍 Scraping SE page 2/5
  ✅ Page 2: 10 companies (total: 20)
  📍 Scraping SE page 3/5
  ✅ Page 3: 10 companies (total: 30)
  📍 Scraping SE page 4/5
  ✅ Page 4: 10 companies (total: 40)
  📍 Scraping SE page 5/5
  ✅ Page 5: 10 companies (total: 50)
✅ TheirStack/SE: 9 unique companies
✅ theirstack/SE: Found 9 companies, inserte
[2026-04-02T09:26:56.882172] 😴 Venter 60 sekunder...
[2026-04-02T09:27:56.882446] 
📊 Run #17 - 2026-04-02T09:27:56.882418
[2026-04-02T09:27:56.882752] 🕷️  Kører scraper...
[2026-04-02T09:36:36.132856] ✅ Scraper completed successfully
[2026-04-02T09:36:36.133108] Output: 📋 Queue: 6 pending, 2 completed
✅ SearXNG healthy (5 engines, 11 results)
🕷️  Running scraper: theirstack for DK
🕷️  TheirStack scraper for DK
  📍 Scraping DK page 1/5
  ✅ Page 1: 10 companies (total: 10)
  📍 Scraping DK page 2/5
  ✅ Page 2: 10 companies (total: 20)
  📍 Scraping DK page 3/5
  ✅ Page 3: 10 companies (total: 30)
  📍 Scraping DK page 4/5
  ✅ Page 4: 10 companies (total: 40)
  📍 Scraping DK page 5/5
  ✅ Page 5: 10 companies (total: 50)
✅ TheirStack/DK: 10 unique companies
✅ theirstack/DK: Found 10 companies, inserted 0 new
🕷️  Running scraper: theirstack for SE
🕷️  TheirStack scraper for SE
  📍 Scraping SE page 1/5
  ✅ Page 1: 10 companies (total: 10)
  📍 Scraping SE page 2/5
  ✅ Page 2: 10 companies (total: 20)
  📍 Scraping SE page 3/5
  ✅ Page 3: 10 companies (total: 30)
  📍 Scraping SE page 4/5
  ✅ Page 4: 10 companies (total: 40)
  📍 Scraping SE page 5/5
  ✅ Page 5: 10 companies (total: 50)
✅ TheirStack/SE: 9 unique companies
✅ theirstack/SE: Found 9 companies, inserte
[2026-04-02T09:36:36.133451] 😴 Venter 60 sekunder...
[2026-04-02T09:37:36.133712] 
📊 Run #18 - 2026-04-02T09:37:36.133684
[2026-04-02T09:37:36.133963] 🕷️  Kører scraper...
[2026-04-02T09:45:33.440810] ✅ Scraper completed successfully
[2026-04-02T09:45:33.441005] Output: 📋 Queue: 6 pending, 2 completed
✅ SearXNG healthy (5 engines, 11 results)
🕷️  Running scraper: theirstack for DK
🕷️  TheirStack scraper for DK
  📍 Scraping DK page 1/5
  ✅ Page 1: 10 companies (total: 10)
  📍 Scraping DK page 2/5
  ✅ Page 2: 10 companies (total: 20)
  📍 Scraping DK page 3/5
  ✅ Page 3: 10 companies (total: 30)
  📍 Scraping DK page 4/5
  ✅ Page 4: 10 companies (total: 40)
  📍 Scraping DK page 5/5
  ✅ Page 5: 10 companies (total: 50)
✅ TheirStack/DK: 10 unique companies
✅ theirstack/DK: Found 10 companies, inserted 0 new
🕷️  Running scraper: theirstack for SE
🕷️  TheirStack scraper for SE
  📍 Scraping SE page 1/5
  ✅ Page 1: 10 companies (total: 10)
  📍 Scraping SE page 2/5
  ✅ Page 2: 10 companies (total: 20)
  📍 Scraping SE page 3/5
  ✅ Page 3: 10 companies (total: 30)
  📍 Scraping SE page 4/5
  ✅ Page 4: 10 companies (total: 40)
  📍 Scraping SE page 5/5
  ✅ Page 5: 10 companies (total: 50)
✅ TheirStack/SE: 9 unique companies
✅ theirstack/SE: Found 9 companies, inserte
[2026-04-02T09:45:33.441265] 😴 Venter 60 sekunder...
[2026-04-02T09:46:33.441496] 
📊 Run #19 - 2026-04-02T09:46:33.441470
[2026-04-02T09:46:33.441813] 🕷️  Kører scraper...
[2026-04-02T09:55:42.208955] ✅ Scraper completed successfully
[2026-04-02T09:55:42.209182] Output: 📋 Queue: 6 pending, 2 completed
✅ SearXNG healthy (5 engines, 11 results)
🕷️  Running scraper: theirstack for DK
🕷️  TheirStack scraper for DK
  📍 Scraping DK page 1/5
  ✅ Page 1: 10 companies (total: 10)
  📍 Scraping DK page 2/5
  ✅ Page 2: 10 companies (total: 20)
  📍 Scraping DK page 3/5
  ✅ Page 3: 10 companies (total: 30)
  📍 Scraping DK page 4/5
  ✅ Page 4: 10 companies (total: 40)
  📍 Scraping DK page 5/5
  ✅ Page 5: 10 companies (total: 50)
✅ TheirStack/DK: 10 unique companies
✅ theirstack/DK: Found 10 companies, inserted 0 new
🕷️  Running scraper: theirstack for SE
🕷️  TheirStack scraper for SE
  📍 Scraping SE page 1/5
  ✅ Page 1: 10 companies (total: 10)
  📍 Scraping SE page 2/5
  ✅ Page 2: 10 companies (total: 20)
  📍 Scraping SE page 3/5
  ✅ Page 3: 10 companies (total: 30)
  📍 Scraping SE page 4/5
  ✅ Page 4: 10 companies (total: 40)
  📍 Scraping SE page 5/5
  ✅ Page 5: 10 companies (total: 50)
✅ TheirStack/SE: 9 unique companies
✅ theirstack/SE: Found 9 companies, inserte
[2026-04-02T09:55:42.209469] 😴 Venter 60 sekunder...
[2026-04-02T09:56:42.213865] 
📊 Run #20 - 2026-04-02T09:56:42.213838
[2026-04-02T09:56:42.214144] 🕷️  Kører scraper...
[2026-04-02T10:05:31.147604] ✅ Scraper completed successfully
[2026-04-02T10:05:31.147800] Output: 📋 Queue: 6 pending, 2 completed
✅ SearXNG healthy (5 engines, 10 results)
🕷️  Running scraper: theirstack for DK
🕷️  TheirStack scraper for DK
  📍 Scraping DK page 1/5
  ✅ Page 1: 10 companies (total: 10)
  📍 Scraping DK page 2/5
  ✅ Page 2: 10 companies (total: 20)
  📍 Scraping DK page 3/5
  ✅ Page 3: 10 companies (total: 30)
  📍 Scraping DK page 4/5
  ✅ Page 4: 10 companies (total: 40)
  📍 Scraping DK page 5/5
  ✅ Page 5: 10 companies (total: 50)
✅ TheirStack/DK: 10 unique companies
✅ theirstack/DK: Found 10 companies, inserted 0 new
🕷️  Running scraper: theirstack for SE
🕷️  TheirStack scraper for SE
  📍 Scraping SE page 1/5
  ✅ Page 1: 10 companies (total: 10)
  📍 Scraping SE page 2/5
  ✅ Page 2: 10 companies (total: 20)
  📍 Scraping SE page 3/5
  ✅ Page 3: 10 companies (total: 30)
  📍 Scraping SE page 4/5
  ✅ Page 4: 10 companies (total: 40)
  📍 Scraping SE page 5/5
  ✅ Page 5: 10 companies (total: 50)
✅ TheirStack/SE: 9 unique companies
✅ theirstack/SE: Found 9 companies, inserte
[2026-04-02T10:05:31.148084] 😴 Venter 60 sekunder...
[2026-04-02T10:06:31.148310] 
📊 Run #21 - 2026-04-02T10:06:31.148288
[2026-04-02T10:06:31.148531] 🕷️  Kører scraper...
[2026-04-02T10:15:09.084329] ✅ Scraper completed successfully
[2026-04-02T10:15:09.084543] Output: 📋 Queue: 6 pending, 2 completed
✅ SearXNG healthy (5 engines, 11 results)
🕷️  Running scraper: theirstack for DK
🕷️  TheirStack scraper for DK
  📍 Scraping DK page 1/5
  ✅ Page 1: 10 companies (total: 10)
  📍 Scraping DK page 2/5
  ✅ Page 2: 10 companies (total: 20)
  📍 Scraping DK page 3/5
  ✅ Page 3: 10 companies (total: 30)
  📍 Scraping DK page 4/5
  ✅ Page 4: 10 companies (total: 40)
  📍 Scraping DK page 5/5
  ✅ Page 5: 10 companies (total: 50)
✅ TheirStack/DK: 10 unique companies
✅ theirstack/DK: Found 10 companies, inserted 0 new
🕷️  Running scraper: theirstack for SE
🕷️  TheirStack scraper for SE
  📍 Scraping SE page 1/5
  ✅ Page 1: 10 companies (total: 10)
  📍 Scraping SE page 2/5
  ✅ Page 2: 10 companies (total: 20)
  📍 Scraping SE page 3/5
  ✅ Page 3: 10 companies (total: 30)
  📍 Scraping SE page 4/5
  ✅ Page 4: 10 companies (total: 40)
  📍 Scraping SE page 5/5
  ✅ Page 5: 10 companies (total: 50)
✅ TheirStack/SE: 9 unique companies
✅ theirstack/SE: Found 9 companies, inserte
[2026-04-02T10:15:09.084955] 😴 Venter 60 sekunder...
[2026-04-02T10:16:09.085214] 
📊 Run #22 - 2026-04-02T10:16:09.085190
[2026-04-02T10:16:09.085441] 🕷️  Kører scraper...
[2026-04-02T10:24:58.122252] ✅ Scraper completed successfully
[2026-04-02T10:24:58.122486] Output: 📋 Queue: 6 pending, 2 completed
✅ SearXNG healthy (5 engines, 11 results)
🕷️  Running scraper: theirstack for DK
🕷️  TheirStack scraper for DK
  📍 Scraping DK page 1/5
  ✅ Page 1: 10 companies (total: 10)
  📍 Scraping DK page 2/5
  ✅ Page 2: 10 companies (total: 20)
  📍 Scraping DK page 3/5
  ✅ Page 3: 10 companies (total: 30)
  📍 Scraping DK page 4/5
  ✅ Page 4: 10 companies (total: 40)
  📍 Scraping DK page 5/5
  ✅ Page 5: 10 companies (total: 50)
✅ TheirStack/DK: 10 unique companies
✅ theirstack/DK: Found 10 companies, inserted 0 new
🕷️  Running scraper: theirstack for SE
🕷️  TheirStack scraper for SE
  📍 Scraping SE page 1/5
  ✅ Page 1: 10 companies (total: 10)
  📍 Scraping SE page 2/5
  ✅ Page 2: 10 companies (total: 20)
  📍 Scraping SE page 3/5
  ✅ Page 3: 10 companies (total: 30)
  📍 Scraping SE page 4/5
  ✅ Page 4: 10 companies (total: 40)
  📍 Scraping SE page 5/5
  ✅ Page 5: 10 companies (total: 50)
✅ TheirStack/SE: 9 unique companies
✅ theirstack/SE: Found 9 companies, inserte
[2026-04-02T10:24:58.122778] 😴 Venter 60 sekunder...
[2026-04-02T10:25:58.122991] 
📊 Run #23 - 2026-04-02T10:25:58.122969
[2026-04-02T10:25:58.123209] 🕷️  Kører scraper...
[2026-04-02T10:32:35.224694] ✅ Scraper completed successfully
[2026-04-02T10:32:35.224957] Output: 📋 Queue: 6 pending, 2 completed
✅ SearXNG healthy (5 engines, 11 results)
🕷️  Running scraper: theirstack for DK
🕷️  TheirStack scraper for DK
  📍 Scraping DK page 1/5
  ✅ Page 1: 10 companies (total: 10)
  📍 Scraping DK page 2/5
  ✅ Page 2: 10 companies (total: 20)
  📍 Scraping DK page 3/5
  ✅ Page 3: 10 companies (total: 30)
  📍 Scraping DK page 4/5
  ✅ Page 4: 10 companies (total: 40)
  📍 Scraping DK page 5/5
  ✅ Page 5: 10 companies (total: 50)
✅ TheirStack/DK: 10 unique companies
✅ theirstack/DK: Found 10 companies, inserted 0 new
🕷️  Running scraper: theirstack for SE
🕷️  TheirStack scraper for SE
  📍 Scraping SE page 1/5
  ✅ Page 1: 10 companies (total: 10)
  📍 Scraping SE page 2/5
  ✅ Page 2: 10 companies (total: 20)
  📍 Scraping SE page 3/5
  ✅ Page 3: 10 companies (total: 30)
  📍 Scraping SE page 4/5
  ✅ Page 4: 10 companies (total: 40)
  📍 Scraping SE page 5/5
  ✅ Page 5: 10 companies (total: 50)
✅ TheirStack/SE: 9 unique companies
✅ theirstack/SE: Found 9 companies, inserte
[2026-04-02T10:32:35.225338] 😴 Venter 60 sekunder...
[2026-04-02T10:33:35.225624] 
📊 Run #24 - 2026-04-02T10:33:35.225560
[2026-04-02T10:33:35.225903] 🕷️  Kører scraper...
[2026-04-02T10:42:02.948987] ✅ Scraper completed successfully
[2026-04-02T10:42:02.949642] Output: 📋 Queue: 6 pending, 2 completed
✅ SearXNG healthy (5 engines, 30 results)
🕷️  Running scraper: theirstack for DK
🕷️  TheirStack scraper for DK
  📍 Scraping DK page 1/5
  ✅ Page 1: 10 companies (total: 10)
  📍 Scraping DK page 2/5
  ✅ Page 2: 10 companies (total: 20)
  📍 Scraping DK page 3/5
  ✅ Page 3: 10 companies (total: 30)
  📍 Scraping DK page 4/5
  ✅ Page 4: 10 companies (total: 40)
  📍 Scraping DK page 5/5
  ✅ Page 5: 10 companies (total: 50)
✅ TheirStack/DK: 10 unique companies
✅ theirstack/DK: Found 10 companies, inserted 0 new
🕷️  Running scraper: theirstack for SE
🕷️  TheirStack scraper for SE
  📍 Scraping SE page 1/5
  ✅ Page 1: 10 companies (total: 10)
  📍 Scraping SE page 2/5
  ✅ Page 2: 10 companies (total: 20)
  📍 Scraping SE page 3/5
  ✅ Page 3: 10 companies (total: 30)
  📍 Scraping SE page 4/5
  ✅ Page 4: 10 companies (total: 40)
  📍 Scraping SE page 5/5
  ✅ Page 5: 10 companies (total: 50)
✅ TheirStack/SE: 9 unique companies
✅ theirstack/SE: Found 9 companies, inserte
[2026-04-02T10:42:02.950055] 😴 Venter 60 sekunder...
[2026-04-02T10:43:02.950306] 
📊 Run #25 - 2026-04-02T10:43:02.950275
[2026-04-02T10:43:02.950745] 🕷️  Kører scraper...
[2026-04-02T10:51:41.583463] ✅ Scraper completed successfully
[2026-04-02T10:51:41.583706] Output: 📋 Queue: 6 pending, 2 completed
✅ SearXNG healthy (5 engines, 11 results)
🕷️  Running scraper: theirstack for DK
🕷️  TheirStack scraper for DK
  📍 Scraping DK page 1/5
  ✅ Page 1: 10 companies (total: 10)
  📍 Scraping DK page 2/5
  ✅ Page 2: 10 companies (total: 20)
  📍 Scraping DK page 3/5
  ✅ Page 3: 10 companies (total: 30)
  📍 Scraping DK page 4/5
  ✅ Page 4: 10 companies (total: 40)
  📍 Scraping DK page 5/5
  ✅ Page 5: 10 companies (total: 50)
✅ TheirStack/DK: 10 unique companies
✅ theirstack/DK: Found 10 companies, inserted 0 new
🕷️  Running scraper: theirstack for SE
🕷️  TheirStack scraper for SE
  📍 Scraping SE page 1/5
  ✅ Page 1: 10 companies (total: 10)
  📍 Scraping SE page 2/5
  ✅ Page 2: 10 companies (total: 20)
  📍 Scraping SE page 3/5
  ✅ Page 3: 10 companies (total: 30)
  📍 Scraping SE page 4/5
  ✅ Page 4: 10 companies (total: 40)
  📍 Scraping SE page 5/5
  ✅ Page 5: 10 companies (total: 50)
✅ TheirStack/SE: 9 unique companies
✅ theirstack/SE: Found 9 companies, inserte
[2026-04-02T10:51:41.584003] 😴 Venter 60 sekunder...
[2026-04-02T10:52:41.584254] 
📊 Run #26 - 2026-04-02T10:52:41.584227
[2026-04-02T10:52:41.584554] 🕷️  Kører scraper...
[2026-04-02T11:01:11.059188] ✅ Scraper completed successfully
[2026-04-02T11:01:11.059436] Output: 📋 Queue: 6 pending, 2 completed
✅ SearXNG healthy (5 engines, 11 results)
🕷️  Running scraper: theirstack for DK
🕷️  TheirStack scraper for DK
  📍 Scraping DK page 1/5
  ✅ Page 1: 10 companies (total: 10)
  📍 Scraping DK page 2/5
  ✅ Page 2: 10 companies (total: 20)
  📍 Scraping DK page 3/5
  ✅ Page 3: 10 companies (total: 30)
  📍 Scraping DK page 4/5
  ✅ Page 4: 10 companies (total: 40)
  📍 Scraping DK page 5/5
  ✅ Page 5: 10 companies (total: 50)
✅ TheirStack/DK: 10 unique companies
✅ theirstack/DK: Found 10 companies, inserted 0 new
🕷️  Running scraper: theirstack for SE
🕷️  TheirStack scraper for SE
  📍 Scraping SE page 1/5
  ✅ Page 1: 10 companies (total: 10)
  📍 Scraping SE page 2/5
  ✅ Page 2: 10 companies (total: 20)
  📍 Scraping SE page 3/5
  ✅ Page 3: 10 companies (total: 30)
  📍 Scraping SE page 4/5
  ✅ Page 4: 10 companies (total: 40)
  📍 Scraping SE page 5/5
  ✅ Page 5: 10 companies (total: 50)
✅ TheirStack/SE: 9 unique companies
✅ theirstack/SE: Found 9 companies, inserte
[2026-04-02T11:01:11.060146] 😴 Venter 60 sekunder...
[2026-04-02T11:02:11.060412] 
📊 Run #27 - 2026-04-02T11:02:11.060381
[2026-04-02T11:02:11.060722] 🕷️  Kører scraper...
[2026-04-02T11:11:26.924924] ✅ Scraper completed successfully
[2026-04-02T11:11:26.925188] Output: 📋 Queue: 6 pending, 2 completed
✅ SearXNG healthy (5 engines, 11 results)
🕷️  Running scraper: theirstack for DK
🕷️  TheirStack scraper for DK
  📍 Scraping DK page 1/5
  ✅ Page 1: 10 companies (total: 10)
  📍 Scraping DK page 2/5
  ✅ Page 2: 10 companies (total: 20)
  📍 Scraping DK page 3/5
  ✅ Page 3: 10 companies (total: 30)
  📍 Scraping DK page 4/5
  ✅ Page 4: 10 companies (total: 40)
  📍 Scraping DK page 5/5
  ✅ Page 5: 10 companies (total: 50)
✅ TheirStack/DK: 10 unique companies
✅ theirstack/DK: Found 10 companies, inserted 0 new
🕷️  Running scraper: theirstack for SE
🕷️  TheirStack scraper for SE
  📍 Scraping SE page 1/5
  ✅ Page 1: 10 companies (total: 10)
  📍 Scraping SE page 2/5
  ✅ Page 2: 10 companies (total: 20)
  📍 Scraping SE page 3/5
  ✅ Page 3: 10 companies (total: 30)
  📍 Scraping SE page 4/5
  ✅ Page 4: 10 companies (total: 40)
  📍 Scraping SE page 5/5
  ✅ Page 5: 10 companies (total: 50)
✅ TheirStack/SE: 9 unique companies
✅ theirstack/SE: Found 9 companies, inserte
[2026-04-02T11:11:26.925627] 😴 Venter 60 sekunder...
[2026-04-02T11:12:26.925887] 
📊 Run #28 - 2026-04-02T11:12:26.925861
[2026-04-02T11:12:26.926134] 🕷️  Kører scraper...
[2026-04-02T11:21:17.511623] ✅ Scraper completed successfully
[2026-04-02T11:21:17.511825] Output: 📋 Queue: 6 pending, 2 completed
✅ SearXNG healthy (5 engines, 11 results)
🕷️  Running scraper: theirstack for DK
🕷️  TheirStack scraper for DK
  📍 Scraping DK page 1/5
  ✅ Page 1: 10 companies (total: 10)
  📍 Scraping DK page 2/5
  ✅ Page 2: 10 companies (total: 20)
  📍 Scraping DK page 3/5
  ✅ Page 3: 10 companies (total: 30)
  📍 Scraping DK page 4/5
  ✅ Page 4: 10 companies (total: 40)
  📍 Scraping DK page 5/5
  ✅ Page 5: 10 companies (total: 50)
✅ TheirStack/DK: 10 unique companies
✅ theirstack/DK: Found 10 companies, inserted 0 new
🕷️  Running scraper: theirstack for SE
🕷️  TheirStack scraper for SE
  📍 Scraping SE page 1/5
  ✅ Page 1: 10 companies (total: 10)
  📍 Scraping SE page 2/5
  ✅ Page 2: 10 companies (total: 20)
  📍 Scraping SE page 3/5
  ✅ Page 3: 10 companies (total: 30)
  📍 Scraping SE page 4/5
  ✅ Page 4: 10 companies (total: 40)
  📍 Scraping SE page 5/5
  ✅ Page 5: 10 companies (total: 50)
✅ TheirStack/SE: 9 unique companies
✅ theirstack/SE: Found 9 companies, inserte
[2026-04-02T11:21:17.512168] 😴 Venter 60 sekunder...
[2026-04-02T11:22:17.512393] 
📊 Run #29 - 2026-04-02T11:22:17.512364
[2026-04-02T11:22:17.512712] 🕷️  Kører scraper...
[2026-04-02T11:31:13.825623] ✅ Scraper completed successfully
[2026-04-02T11:31:13.825826] Output: 📋 Queue: 6 pending, 2 completed
✅ SearXNG healthy (5 engines, 11 results)
🕷️  Running scraper: theirstack for DK
🕷️  TheirStack scraper for DK
  📍 Scraping DK page 1/5
  ✅ Page 1: 10 companies (total: 10)
  📍 Scraping DK page 2/5
  ✅ Page 2: 10 companies (total: 20)
  📍 Scraping DK page 3/5
  ✅ Page 3: 10 companies (total: 30)
  📍 Scraping DK page 4/5
  ✅ Page 4: 10 companies (total: 40)
  📍 Scraping DK page 5/5
  ✅ Page 5: 10 companies (total: 50)
✅ TheirStack/DK: 10 unique companies
✅ theirstack/DK: Found 10 companies, inserted 0 new
🕷️  Running scraper: theirstack for SE
🕷️  TheirStack scraper for SE
  📍 Scraping SE page 1/5
  ✅ Page 1: 10 companies (total: 10)
  📍 Scraping SE page 2/5
  ✅ Page 2: 10 companies (total: 20)
  📍 Scraping SE page 3/5
  ✅ Page 3: 10 companies (total: 30)
  📍 Scraping SE page 4/5
  ✅ Page 4: 10 companies (total: 40)
  📍 Scraping SE page 5/5
  ✅ Page 5: 10 companies (total: 50)
✅ TheirStack/SE: 9 unique companies
✅ theirstack/SE: Found 9 companies, inserte
[2026-04-02T11:31:13.826122] 😴 Venter 60 sekunder...
[2026-04-02T11:32:13.826362] 
📊 Run #30 - 2026-04-02T11:32:13.826336
[2026-04-02T11:32:13.826647] 🕷️  Kører scraper...
[2026-04-02T11:40:22.040286] ✅ Scraper completed successfully
[2026-04-02T11:40:22.040499] Output: 📋 Queue: 6 pending, 2 completed
✅ SearXNG healthy (5 engines, 11 results)
🕷️  Running scraper: theirstack for DK
🕷️  TheirStack scraper for DK
  📍 Scraping DK page 1/5
  ✅ Page 1: 10 companies (total: 10)
  📍 Scraping DK page 2/5
  ✅ Page 2: 10 companies (total: 20)
  📍 Scraping DK page 3/5
  ✅ Page 3: 10 companies (total: 30)
  📍 Scraping DK page 4/5
  ✅ Page 4: 10 companies (total: 40)
  📍 Scraping DK page 5/5
  ✅ Page 5: 10 companies (total: 50)
✅ TheirStack/DK: 10 unique companies
✅ theirstack/DK: Found 10 companies, inserted 0 new
🕷️  Running scraper: theirstack for SE
🕷️  TheirStack scraper for SE
  📍 Scraping SE page 1/5
  ✅ Page 1: 10 companies (total: 10)
  📍 Scraping SE page 2/5
  ✅ Page 2: 10 companies (total: 20)
  📍 Scraping SE page 3/5
  ✅ Page 3: 10 companies (total: 30)
  📍 Scraping SE page 4/5
  ✅ Page 4: 10 companies (total: 40)
  📍 Scraping SE page 5/5
  ✅ Page 5: 10 companies (total: 50)
✅ TheirStack/SE: 9 unique companies
✅ theirstack/SE: Found 9 companies, inserte
[2026-04-02T11:40:22.040864] 😴 Venter 60 sekunder...
[2026-04-02T11:41:22.041086] 
📊 Run #31 - 2026-04-02T11:41:22.041067
[2026-04-02T11:41:22.041269] 🕷️  Kører scraper...
[2026-04-02T11:50:18.745547] ✅ Scraper completed successfully
[2026-04-02T11:50:18.745796] Output: 📋 Queue: 6 pending, 2 completed
✅ SearXNG healthy (5 engines, 11 results)
🕷️  Running scraper: theirstack for DK
🕷️  TheirStack scraper for DK
  📍 Scraping DK page 1/5
  ✅ Page 1: 10 companies (total: 10)
  📍 Scraping DK page 2/5
  ✅ Page 2: 10 companies (total: 20)
  📍 Scraping DK page 3/5
  ✅ Page 3: 10 companies (total: 30)
  📍 Scraping DK page 4/5
  ✅ Page 4: 10 companies (total: 40)
  📍 Scraping DK page 5/5
  ✅ Page 5: 10 companies (total: 50)
✅ TheirStack/DK: 10 unique companies
✅ theirstack/DK: Found 10 companies, inserted 0 new
🕷️  Running scraper: theirstack for SE
🕷️  TheirStack scraper for SE
  📍 Scraping SE page 1/5
  ✅ Page 1: 10 companies (total: 10)
  📍 Scraping SE page 2/5
  ✅ Page 2: 10 companies (total: 20)
  📍 Scraping SE page 3/5
  ✅ Page 3: 10 companies (total: 30)
  📍 Scraping SE page 4/5
  ✅ Page 4: 10 companies (total: 40)
  📍 Scraping SE page 5/5
  ✅ Page 5: 10 companies (total: 50)
✅ TheirStack/SE: 9 unique companies
✅ theirstack/SE: Found 9 companies, inserte
[2026-04-02T11:50:18.746191] 😴 Venter 60 sekunder...
[2026-04-02T11:51:18.746429] 
📊 Run #32 - 2026-04-02T11:51:18.746406
[2026-04-02T11:51:18.746681] 🕷️  Kører scraper...
[2026-04-02T12:00:01.441570] ✅ Scraper completed successfully
[2026-04-02T12:00:01.441797] Output: 📋 Queue: 6 pending, 2 completed
✅ SearXNG healthy (5 engines, 11 results)
🕷️  Running scraper: theirstack for DK
🕷️  TheirStack scraper for DK
  📍 Scraping DK page 1/5
  ✅ Page 1: 10 companies (total: 10)
  📍 Scraping DK page 2/5
  ✅ Page 2: 10 companies (total: 20)
  📍 Scraping DK page 3/5
  ✅ Page 3: 10 companies (total: 30)
  📍 Scraping DK page 4/5
  ✅ Page 4: 10 companies (total: 40)
  📍 Scraping DK page 5/5
  ✅ Page 5: 10 companies (total: 50)
✅ TheirStack/DK: 10 unique companies
✅ theirstack/DK: Found 10 companies, inserted 0 new
🕷️  Running scraper: theirstack for SE
🕷️  TheirStack scraper for SE
  📍 Scraping SE page 1/5
  ✅ Page 1: 10 companies (total: 10)
  📍 Scraping SE page 2/5
  ✅ Page 2: 10 companies (total: 20)
  📍 Scraping SE page 3/5
  ✅ Page 3: 10 companies (total: 30)
  📍 Scraping SE page 4/5
  ✅ Page 4: 10 companies (total: 40)
  📍 Scraping SE page 5/5
  ✅ Page 5: 10 companies (total: 50)
✅ TheirStack/SE: 9 unique companies
✅ theirstack/SE: Found 9 companies, inserte
[2026-04-02T12:00:01.442179] 😴 Venter 60 sekunder...
[2026-04-02T12:01:01.442448] 
📊 Run #33 - 2026-04-02T12:01:01.442421
[2026-04-02T12:01:01.442792] 🕷️  Kører scraper...
[2026-04-02T12:10:10.624545] ✅ Scraper completed successfully
[2026-04-02T12:10:10.624807] Output: 📋 Queue: 6 pending, 2 completed
✅ SearXNG healthy (5 engines, 10 results)
🕷️  Running scraper: theirstack for DK
🕷️  TheirStack scraper for DK
  📍 Scraping DK page 1/5
  ✅ Page 1: 10 companies (total: 10)
  📍 Scraping DK page 2/5
  ✅ Page 2: 10 companies (total: 20)
  📍 Scraping DK page 3/5
  ✅ Page 3: 10 companies (total: 30)
  📍 Scraping DK page 4/5
  ✅ Page 4: 10 companies (total: 40)
  📍 Scraping DK page 5/5
  ✅ Page 5: 10 companies (total: 50)
✅ TheirStack/DK: 10 unique companies
✅ theirstack/DK: Found 10 companies, inserted 0 new
🕷️  Running scraper: theirstack for SE
🕷️  TheirStack scraper for SE
  📍 Scraping SE page 1/5
  ✅ Page 1: 10 companies (total: 10)
  📍 Scraping SE page 2/5
  ✅ Page 2: 10 companies (total: 20)
  📍 Scraping SE page 3/5
  ✅ Page 3: 10 companies (total: 30)
  📍 Scraping SE page 4/5
  ✅ Page 4: 10 companies (total: 40)
  📍 Scraping SE page 5/5
  ✅ Page 5: 10 companies (total: 50)
✅ TheirStack/SE: 9 unique companies
✅ theirstack/SE: Found 9 companies, inserte
[2026-04-02T12:10:10.625216] 😴 Venter 60 sekunder...
[2026-04-02T12:11:10.625437] 
📊 Run #34 - 2026-04-02T12:11:10.625415
[2026-04-02T12:11:10.625702] 🕷️  Kører scraper...
[2026-04-02T12:20:18.347492] ✅ Scraper completed successfully
[2026-04-02T12:20:18.347747] Output: 📋 Queue: 6 pending, 2 completed
✅ SearXNG healthy (5 engines, 11 results)
🕷️  Running scraper: theirstack for DK
🕷️  TheirStack scraper for DK
  📍 Scraping DK page 1/5
  ✅ Page 1: 10 companies (total: 10)
  📍 Scraping DK page 2/5
  ✅ Page 2: 10 companies (total: 20)
  📍 Scraping DK page 3/5
  ✅ Page 3: 10 companies (total: 30)
  📍 Scraping DK page 4/5
  ✅ Page 4: 10 companies (total: 40)
  📍 Scraping DK page 5/5
  ✅ Page 5: 10 companies (total: 50)
✅ TheirStack/DK: 10 unique companies
✅ theirstack/DK: Found 10 companies, inserted 0 new
🕷️  Running scraper: theirstack for SE
🕷️  TheirStack scraper for SE
  📍 Scraping SE page 1/5
  ✅ Page 1: 10 companies (total: 10)
  📍 Scraping SE page 2/5
  ✅ Page 2: 10 companies (total: 20)
  📍 Scraping SE page 3/5
  ✅ Page 3: 10 companies (total: 30)
  📍 Scraping SE page 4/5
  ✅ Page 4: 10 companies (total: 40)
  📍 Scraping SE page 5/5
  ✅ Page 5: 10 companies (total: 50)
✅ TheirStack/SE: 9 unique companies
✅ theirstack/SE: Found 9 companies, inserte
[2026-04-02T12:20:18.348034] 😴 Venter 60 sekunder...
[2026-04-02T12:21:18.348260] 
📊 Run #35 - 2026-04-02T12:21:18.348239
[2026-04-02T12:21:18.348480] 🕷️  Kører scraper...
[2026-04-02T12:30:11.143232] ✅ Scraper completed successfully
[2026-04-02T12:30:11.143411] Output: 📋 Queue: 6 pending, 2 completed
✅ SearXNG healthy (5 engines, 11 results)
🕷️  Running scraper: theirstack for DK
🕷️  TheirStack scraper for DK
  📍 Scraping DK page 1/5
  ✅ Page 1: 10 companies (total: 10)
  📍 Scraping DK page 2/5
  ✅ Page 2: 10 companies (total: 20)
  📍 Scraping DK page 3/5
  ✅ Page 3: 10 companies (total: 30)
  📍 Scraping DK page 4/5
  ✅ Page 4: 10 companies (total: 40)
  📍 Scraping DK page 5/5
  ✅ Page 5: 10 companies (total: 50)
✅ TheirStack/DK: 10 unique companies
✅ theirstack/DK: Found 10 companies, inserted 0 new
🕷️  Running scraper: theirstack for SE
🕷️  TheirStack scraper for SE
  📍 Scraping SE page 1/5
  ✅ Page 1: 10 companies (total: 10)
  📍 Scraping SE page 2/5
  ✅ Page 2: 10 companies (total: 20)
  📍 Scraping SE page 3/5
  ✅ Page 3: 10 companies (total: 30)
  📍 Scraping SE page 4/5
  ✅ Page 4: 10 companies (total: 40)
  📍 Scraping SE page 5/5
  ✅ Page 5: 10 companies (total: 50)
✅ TheirStack/SE: 9 unique companies
✅ theirstack/SE: Found 9 companies, inserte
[2026-04-02T12:30:11.143880] 😴 Venter 60 sekunder...
[2026-04-02T12:31:11.144124] 
📊 Run #36 - 2026-04-02T12:31:11.144099
[2026-04-02T12:31:11.144363] 🕷️  Kører scraper...
[2026-04-02T12:40:07.098819] ✅ Scraper completed successfully
[2026-04-02T12:40:07.099011] Output: 📋 Queue: 6 pending, 2 completed
✅ SearXNG healthy (5 engines, 11 results)
🕷️  Running scraper: theirstack for DK
🕷️  TheirStack scraper for DK
  📍 Scraping DK page 1/5
  ✅ Page 1: 10 companies (total: 10)
  📍 Scraping DK page 2/5
  ✅ Page 2: 10 companies (total: 20)
  📍 Scraping DK page 3/5
  ✅ Page 3: 10 companies (total: 30)
  📍 Scraping DK page 4/5
  ✅ Page 4: 10 companies (total: 40)
  📍 Scraping DK page 5/5
  ✅ Page 5: 10 companies (total: 50)
✅ TheirStack/DK: 10 unique companies
✅ theirstack/DK: Found 10 companies, inserted 0 new
🕷️  Running scraper: theirstack for SE
🕷️  TheirStack scraper for SE
  📍 Scraping SE page 1/5
  ✅ Page 1: 10 companies (total: 10)
  📍 Scraping SE page 2/5
  ✅ Page 2: 10 companies (total: 20)
  📍 Scraping SE page 3/5
  ✅ Page 3: 10 companies (total: 30)
  📍 Scraping SE page 4/5
  ✅ Page 4: 10 companies (total: 40)
  📍 Scraping SE page 5/5
  ✅ Page 5: 10 companies (total: 50)
✅ TheirStack/SE: 9 unique companies
✅ theirstack/SE: Found 9 companies, inserte
[2026-04-02T12:40:07.099350] 😴 Venter 60 sekunder...
[2026-04-02T12:41:07.099555] 
📊 Run #37 - 2026-04-02T12:41:07.099532
[2026-04-02T12:41:07.099820] 🕷️  Kører scraper...
[2026-04-02T12:50:07.803379] ✅ Scraper completed successfully
[2026-04-02T12:50:07.803629] Output: 📋 Queue: 6 pending, 2 completed
✅ SearXNG healthy (5 engines, 11 results)
🕷️  Running scraper: theirstack for DK
🕷️  TheirStack scraper for DK
  📍 Scraping DK page 1/5
  ✅ Page 1: 10 companies (total: 10)
  📍 Scraping DK page 2/5
  ✅ Page 2: 10 companies (total: 20)
  📍 Scraping DK page 3/5
  ✅ Page 3: 10 companies (total: 30)
  📍 Scraping DK page 4/5
  ✅ Page 4: 10 companies (total: 40)
  📍 Scraping DK page 5/5
  ✅ Page 5: 10 companies (total: 50)
✅ TheirStack/DK: 10 unique companies
✅ theirstack/DK: Found 10 companies, inserted 0 new
🕷️  Running scraper: theirstack for SE
🕷️  TheirStack scraper for SE
  📍 Scraping SE page 1/5
  ✅ Page 1: 10 companies (total: 10)
  📍 Scraping SE page 2/5
  ✅ Page 2: 10 companies (total: 20)
  📍 Scraping SE page 3/5
  ✅ Page 3: 10 companies (total: 30)
  📍 Scraping SE page 4/5
  ✅ Page 4: 10 companies (total: 40)
  📍 Scraping SE page 5/5
  ✅ Page 5: 10 companies (total: 50)
✅ TheirStack/SE: 9 unique companies
✅ theirstack/SE: Found 9 companies, inserte
[2026-04-02T12:50:07.804028] 😴 Venter 60 sekunder...
[2026-04-02T12:51:07.816651] 
📊 Run #38 - 2026-04-02T12:51:07.816628
[2026-04-02T12:51:07.816895] 🕷️  Kører scraper...
[2026-04-02T13:00:07.562747] ✅ Scraper completed successfully
[2026-04-02T13:00:07.562931] Output: 📋 Queue: 6 pending, 2 completed
✅ SearXNG healthy (5 engines, 10 results)
🕷️  Running scraper: theirstack for DK
🕷️  TheirStack scraper for DK
  📍 Scraping DK page 1/5
  ✅ Page 1: 10 companies (total: 10)
  📍 Scraping DK page 2/5
  ✅ Page 2: 10 companies (total: 20)
  📍 Scraping DK page 3/5
  ✅ Page 3: 10 companies (total: 30)
  📍 Scraping DK page 4/5
  ✅ Page 4: 10 companies (total: 40)
  📍 Scraping DK page 5/5
  ✅ Page 5: 10 companies (total: 50)
✅ TheirStack/DK: 10 unique companies
✅ theirstack/DK: Found 10 companies, inserted 0 new
🕷️  Running scraper: theirstack for SE
🕷️  TheirStack scraper for SE
  📍 Scraping SE page 1/5
  ✅ Page 1: 10 companies (total: 10)
  📍 Scraping SE page 2/5
  ✅ Page 2: 10 companies (total: 20)
  📍 Scraping SE page 3/5
  ✅ Page 3: 10 companies (total: 30)
  📍 Scraping SE page 4/5
  ✅ Page 4: 10 companies (total: 40)
  📍 Scraping SE page 5/5
  ✅ Page 5: 10 companies (total: 50)
✅ TheirStack/SE: 9 unique companies
✅ theirstack/SE: Found 9 companies, inserte
[2026-04-02T13:00:07.563236] 😴 Venter 60 sekunder...
[2026-04-02T13:01:07.563421] 
📊 Run #39 - 2026-04-02T13:01:07.563403
[2026-04-02T13:01:07.563660] 🕷️  Kører scraper...
[2026-04-02T13:11:22.940767] ✅ Scraper completed successfully
[2026-04-02T13:11:22.940941] Output: 📋 Queue: 6 pending, 2 completed
✅ SearXNG healthy (5 engines, 10 results)
🕷️  Running scraper: theirstack for DK
🕷️  TheirStack scraper for DK
  📍 Scraping DK page 1/5
  ✅ Page 1: 10 companies (total: 10)
  📍 Scraping DK page 2/5
  ✅ Page 2: 10 companies (total: 20)
  📍 Scraping DK page 3/5
  ✅ Page 3: 10 companies (total: 30)
  📍 Scraping DK page 4/5
  ✅ Page 4: 10 companies (total: 40)
  📍 Scraping DK page 5/5
  ✅ Page 5: 10 companies (total: 50)
✅ TheirStack/DK: 10 unique companies
✅ theirstack/DK: Found 10 companies, inserted 0 new
🕷️  Running scraper: theirstack for SE
🕷️  TheirStack scraper for SE
  📍 Scraping SE page 1/5
  ✅ Page 1: 10 companies (total: 10)
  📍 Scraping SE page 2/5
  ✅ Page 2: 10 companies (total: 20)
  📍 Scraping SE page 3/5
  ✅ Page 3: 10 companies (total: 30)
  📍 Scraping SE page 4/5
  ✅ Page 4: 10 companies (total: 40)
  📍 Scraping SE page 5/5
  ✅ Page 5: 10 companies (total: 50)
✅ TheirStack/SE: 9 unique companies
✅ theirstack/SE: Found 9 companies, inserte
[2026-04-02T13:11:22.941219] 😴 Venter 60 sekunder...
[2026-04-02T13:12:22.941443] 
📊 Run #40 - 2026-04-02T13:12:22.941418
[2026-04-02T13:12:22.941688] 🕷️  Kører scraper...
[2026-04-02T13:21:29.593651] ✅ Scraper completed successfully
[2026-04-02T13:21:29.593861] Output: 📋 Queue: 6 pending, 2 completed
✅ SearXNG healthy (5 engines, 26 results)
🕷️  Running scraper: theirstack for DK
🕷️  TheirStack scraper for DK
  📍 Scraping DK page 1/5
  ✅ Page 1: 10 companies (total: 10)
  📍 Scraping DK page 2/5
  ✅ Page 2: 10 companies (total: 20)
  📍 Scraping DK page 3/5
  ✅ Page 3: 10 companies (total: 30)
  📍 Scraping DK page 4/5
  ✅ Page 4: 10 companies (total: 40)
  📍 Scraping DK page 5/5
  ✅ Page 5: 10 companies (total: 50)
✅ TheirStack/DK: 10 unique companies
✅ theirstack/DK: Found 10 companies, inserted 0 new
🕷️  Running scraper: theirstack for SE
🕷️  TheirStack scraper for SE
  📍 Scraping SE page 1/5
  ✅ Page 1: 10 companies (total: 10)
  📍 Scraping SE page 2/5
  ✅ Page 2: 10 companies (total: 20)
  📍 Scraping SE page 3/5
  ✅ Page 3: 10 companies (total: 30)
  📍 Scraping SE page 4/5
  ✅ Page 4: 10 companies (total: 40)
  📍 Scraping SE page 5/5
  ✅ Page 5: 10 companies (total: 50)
✅ TheirStack/SE: 9 unique companies
✅ theirstack/SE: Found 9 companies, inserte
[2026-04-02T13:21:29.594151] 😴 Venter 60 sekunder...
[2026-04-02T13:22:29.594392] 
📊 Run #41 - 2026-04-02T13:22:29.594366
[2026-04-02T13:22:29.594676] 🕷️  Kører scraper...
[2026-04-02T13:31:22.206482] ✅ Scraper completed successfully
[2026-04-02T13:31:22.206818] Output: 📋 Queue: 6 pending, 2 completed
✅ SearXNG healthy (5 engines, 10 results)
🕷️  Running scraper: theirstack for DK
🕷️  TheirStack scraper for DK
  📍 Scraping DK page 1/5
  ✅ Page 1: 10 companies (total: 10)
  📍 Scraping DK page 2/5
  ✅ Page 2: 10 companies (total: 20)
  📍 Scraping DK page 3/5
  ✅ Page 3: 10 companies (total: 30)
  📍 Scraping DK page 4/5
  ✅ Page 4: 10 companies (total: 40)
  📍 Scraping DK page 5/5
  ✅ Page 5: 10 companies (total: 50)
✅ TheirStack/DK: 10 unique companies
✅ theirstack/DK: Found 10 companies, inserted 0 new
🕷️  Running scraper: theirstack for SE
🕷️  TheirStack scraper for SE
  📍 Scraping SE page 1/5
  ✅ Page 1: 10 companies (total: 10)
  📍 Scraping SE page 2/5
  ✅ Page 2: 10 companies (total: 20)
  📍 Scraping SE page 3/5
  ✅ Page 3: 10 companies (total: 30)
  📍 Scraping SE page 4/5
  ✅ Page 4: 10 companies (total: 40)
  📍 Scraping SE page 5/5
  ✅ Page 5: 10 companies (total: 50)
✅ TheirStack/SE: 9 unique companies
✅ theirstack/SE: Found 9 companies, inserte
[2026-04-02T13:31:22.207103] 😴 Venter 60 sekunder...
[2026-04-02T13:32:22.207331] 
📊 Run #42 - 2026-04-02T13:32:22.207305
[2026-04-02T13:32:22.207617] 🕷️  Kører scraper...
[2026-04-02T13:41:06.910198] ✅ Scraper completed successfully
[2026-04-02T13:41:06.910415] Output: 📋 Queue: 6 pending, 2 completed
✅ SearXNG healthy (5 engines, 11 results)
🕷️  Running scraper: theirstack for DK
🕷️  TheirStack scraper for DK
  📍 Scraping DK page 1/5
  ✅ Page 1: 10 companies (total: 10)
  📍 Scraping DK page 2/5
  ✅ Page 2: 10 companies (total: 20)
  📍 Scraping DK page 3/5
  ✅ Page 3: 10 companies (total: 30)
  📍 Scraping DK page 4/5
  ✅ Page 4: 10 companies (total: 40)
  📍 Scraping DK page 5/5
  ✅ Page 5: 10 companies (total: 50)
✅ TheirStack/DK: 10 unique companies
✅ theirstack/DK: Found 10 companies, inserted 0 new
🕷️  Running scraper: theirstack for SE
🕷️  TheirStack scraper for SE
  📍 Scraping SE page 1/5
  ✅ Page 1: 10 companies (total: 10)
  📍 Scraping SE page 2/5
  ✅ Page 2: 10 companies (total: 20)
  📍 Scraping SE page 3/5
  ✅ Page 3: 10 companies (total: 30)
  📍 Scraping SE page 4/5
  ✅ Page 4: 10 companies (total: 40)
  📍 Scraping SE page 5/5
  ✅ Page 5: 10 companies (total: 50)
✅ TheirStack/SE: 9 unique companies
✅ theirstack/SE: Found 9 companies, inserte
[2026-04-02T13:41:06.910702] 😴 Venter 60 sekunder...
[2026-04-02T13:42:06.910955] 
📊 Run #43 - 2026-04-02T13:42:06.910931
[2026-04-02T13:42:06.911184] 🕷️  Kører scraper...
[2026-04-02T13:50:34.833900] ✅ Scraper completed successfully
[2026-04-02T13:50:34.834158] Output: 📋 Queue: 6 pending, 2 completed
✅ SearXNG healthy (5 engines, 11 results)
🕷️  Running scraper: theirstack for DK
🕷️  TheirStack scraper for DK
  📍 Scraping DK page 1/5
  ✅ Page 1: 10 companies (total: 10)
  📍 Scraping DK page 2/5
  ✅ Page 2: 10 companies (total: 20)
  📍 Scraping DK page 3/5
  ✅ Page 3: 10 companies (total: 30)
  📍 Scraping DK page 4/5
  ✅ Page 4: 10 companies (total: 40)
  📍 Scraping DK page 5/5
  ✅ Page 5: 10 companies (total: 50)
✅ TheirStack/DK: 10 unique companies
✅ theirstack/DK: Found 10 companies, inserted 0 new
🕷️  Running scraper: theirstack for SE
🕷️  TheirStack scraper for SE
  📍 Scraping SE page 1/5
  ✅ Page 1: 10 companies (total: 10)
  📍 Scraping SE page 2/5
  ✅ Page 2: 10 companies (total: 20)
  📍 Scraping SE page 3/5
  ✅ Page 3: 10 companies (total: 30)
  📍 Scraping SE page 4/5
  ✅ Page 4: 10 companies (total: 40)
  📍 Scraping SE page 5/5
  ✅ Page 5: 10 companies (total: 50)
✅ TheirStack/SE: 9 unique companies
✅ theirstack/SE: Found 9 companies, inserte
[2026-04-02T13:50:34.834527] 😴 Venter 60 sekunder...
[2026-04-02T13:51:34.834780] 
📊 Run #44 - 2026-04-02T13:51:34.834755
[2026-04-02T13:51:34.835006] 🕷️  Kører scraper...
[2026-04-02T13:59:59.062794] ✅ Scraper completed successfully
[2026-04-02T13:59:59.063006] Output: 📋 Queue: 6 pending, 2 completed
✅ SearXNG healthy (5 engines, 11 results)
🕷️  Running scraper: theirstack for DK
🕷️  TheirStack scraper for DK
  📍 Scraping DK page 1/5
  ✅ Page 1: 10 companies (total: 10)
  📍 Scraping DK page 2/5
  ✅ Page 2: 10 companies (total: 20)
  📍 Scraping DK page 3/5
  ✅ Page 3: 10 companies (total: 30)
  📍 Scraping DK page 4/5
  ✅ Page 4: 10 companies (total: 40)
  📍 Scraping DK page 5/5
  ✅ Page 5: 10 companies (total: 50)
✅ TheirStack/DK: 10 unique companies
✅ theirstack/DK: Found 10 companies, inserted 0 new
🕷️  Running scraper: theirstack for SE
🕷️  TheirStack scraper for SE
  📍 Scraping SE page 1/5
  ✅ Page 1: 10 companies (total: 10)
  📍 Scraping SE page 2/5
  ✅ Page 2: 10 companies (total: 20)
  📍 Scraping SE page 3/5
  ✅ Page 3: 10 companies (total: 30)
  📍 Scraping SE page 4/5
  ✅ Page 4: 10 companies (total: 40)
  📍 Scraping SE page 5/5
  ✅ Page 5: 10 companies (total: 50)
✅ TheirStack/SE: 9 unique companies
✅ theirstack/SE: Found 9 companies, inserte
[2026-04-02T13:59:59.063395] 😴 Venter 60 sekunder...
[2026-04-02T14:00:59.063674] 
📊 Run #45 - 2026-04-02T14:00:59.063647
[2026-04-02T14:00:59.063920] 🕷️  Kører scraper...
[2026-04-02T14:09:50.781028] ✅ Scraper completed successfully
[2026-04-02T14:09:50.781235] Output: 📋 Queue: 6 pending, 2 completed
✅ SearXNG healthy (0 engines, 0 results)
🕷️  Running scraper: theirstack for DK
🕷️  TheirStack scraper for DK
  📍 Scraping DK page 1/5
  ✅ Page 1: 10 companies (total: 10)
  📍 Scraping DK page 2/5
  ✅ Page 2: 10 companies (total: 20)
  📍 Scraping DK page 3/5
  ✅ Page 3: 10 companies (total: 30)
  📍 Scraping DK page 4/5
  ✅ Page 4: 10 companies (total: 40)
  📍 Scraping DK page 5/5
  ✅ Page 5: 10 companies (total: 50)
✅ TheirStack/DK: 10 unique companies
✅ theirstack/DK: Found 10 companies, inserted 0 new
🕷️  Running scraper: theirstack for SE
🕷️  TheirStack scraper for SE
  📍 Scraping SE page 1/5
  ✅ Page 1: 10 companies (total: 10)
  📍 Scraping SE page 2/5
  ✅ Page 2: 10 companies (total: 20)
  📍 Scraping SE page 3/5
  ✅ Page 3: 10 companies (total: 30)
  📍 Scraping SE page 4/5
  ✅ Page 4: 10 companies (total: 40)
  📍 Scraping SE page 5/5
  ✅ Page 5: 10 companies (total: 50)
✅ TheirStack/SE: 9 unique companies
✅ theirstack/SE: Found 9 companies, inserted
[2026-04-02T14:09:50.781495] 😴 Venter 60 sekunder...
[2026-04-02T14:10:50.781740] 
📊 Run #46 - 2026-04-02T14:10:50.781707
[2026-04-02T14:10:50.781979] 🕷️  Kører scraper...
[2026-04-02T14:19:15.868116] ✅ Scraper completed successfully
[2026-04-02T14:19:15.868321] Output: 📋 Queue: 6 pending, 2 completed
✅ SearXNG healthy (5 engines, 11 results)
🕷️  Running scraper: theirstack for DK
🕷️  TheirStack scraper for DK
  📍 Scraping DK page 1/5
  ✅ Page 1: 10 companies (total: 10)
  📍 Scraping DK page 2/5
  ✅ Page 2: 10 companies (total: 20)
  📍 Scraping DK page 3/5
  ✅ Page 3: 10 companies (total: 30)
  📍 Scraping DK page 4/5
  ✅ Page 4: 10 companies (total: 40)
  📍 Scraping DK page 5/5
  ✅ Page 5: 10 companies (total: 50)
✅ TheirStack/DK: 10 unique companies
✅ theirstack/DK: Found 10 companies, inserted 0 new
🕷️  Running scraper: theirstack for SE
🕷️  TheirStack scraper for SE
  📍 Scraping SE page 1/5
  ✅ Page 1: 10 companies (total: 10)
  📍 Scraping SE page 2/5
  ✅ Page 2: 10 companies (total: 20)
  📍 Scraping SE page 3/5
  ✅ Page 3: 10 companies (total: 30)
  📍 Scraping SE page 4/5
  ✅ Page 4: 10 companies (total: 40)
  📍 Scraping SE page 5/5
  ✅ Page 5: 10 companies (total: 50)
✅ TheirStack/SE: 9 unique companies
✅ theirstack/SE: Found 9 companies, inserte
[2026-04-02T14:19:15.868680] 😴 Venter 60 sekunder...
[2026-04-02T14:20:15.868934] 
📊 Run #47 - 2026-04-02T14:20:15.868901
