2026-03-30 10:48:12.402 WARNING streamlit.runtime.scriptrunner_utils.script_run_context: Thread 'MainThread': missing ScriptRunContext! This warning can be ignored when running in bare mode.
2026-03-30 10:48:12.403 WARNING streamlit.runtime.scriptrunner_utils.script_run_context: Thread 'MainThread': missing ScriptRunContext! This warning can be ignored when running in bare mode.
2026-03-30 10:48:12.508 
  [33m[1mWarning:[0m to view this Streamlit app on a browser, run it with the following
  command:

    streamlit run streamlit_app.py [ARGUMENTS]
2026-03-30 10:48:12.508 Thread 'MainThread': missing ScriptRunContext! This warning can be ignored when running in bare mode.
2026-03-30 10:48:12.508 Thread 'MainThread': missing ScriptRunContext! This warning can be ignored when running in bare mode.
2026-03-30 10:48:12.508 No runtime found, using MemoryCacheStorageManager
2026-03-30 10:48:12.509 Thread 'MainThread': missing ScriptRunContext! This warning can be ignored when running in bare mode.
2026-03-30 10:48:12.509 Thread 'MainThread': missing ScriptRunContext! This warning can be ignored when running in bare mode.
2026-03-30 10:48:12.509 Thread 'MainThread': missing ScriptRunContext! This warning can be ignored when running in bare mode.
2026-03-30 10:48:12.509 Thread 'MainThread': missing ScriptRunContext! This warning can be ignored when running in bare mode.
2026-03-30 10:48:12.509 Thread 'MainThread': missing ScriptRunContext! This warning can be ignored when running in bare mode.
2026-03-30 10:48:12.509 Thread 'MainThread': missing ScriptRunContext! This warning can be ignored when running in bare mode.
2026-03-30 10:48:12.509 Thread 'MainThread': missing ScriptRunContext! This warning can be ignored when running in bare mode.
2026-03-30 10:48:12.509 Thread 'MainThread': missing ScriptRunContext! This warning can be ignored when running in bare mode.
2026-03-30 10:48:12.509 Thread 'MainThread': missing ScriptRunContext! This warning can be ignored when running in bare mode.
2026-03-30 10:48:12.509 No runtime found, using MemoryCacheStorageManager
2026-03-30 10:48:12.510 Thread 'MainThread': missing ScriptRunContext! This warning can be ignored when running in bare mode.
2026-03-30 10:48:13.167 Thread 'MainThread': missing ScriptRunContext! This warning can be ignored when running in bare mode.
2026-03-30 10:48:13.167 Thread 'MainThread': missing ScriptRunContext! This warning can be ignored when running in bare mode.
2026-03-30 10:48:13.167 Thread 'MainThread': missing ScriptRunContext! This warning can be ignored when running in bare mode.
2026-03-30 10:48:13.168 Thread 'MainThread': missing ScriptRunContext! This warning can be ignored when running in bare mode.
2026-03-30 10:48:13.168 Thread 'MainThread': missing ScriptRunContext! This warning can be ignored when running in bare mode.
2026-03-30 10:48:13.168 Thread 'MainThread': missing ScriptRunContext! This warning can be ignored when running in bare mode.
2026-03-30 10:48:13.168 Thread 'MainThread': missing ScriptRunContext! This warning can be ignored when running in bare mode.
2026-03-30 10:48:13.168 Thread 'MainThread': missing ScriptRunContext! This warning can be ignored when running in bare mode.
2026-03-30 10:48:13.168 Thread 'MainThread': missing ScriptRunContext! This warning can be ignored when running in bare mode.
2026-03-30 10:48:13.168 Thread 'MainThread': missing ScriptRunContext! This warning can be ignored when running in bare mode.
2026-03-30 10:48:13.168 Thread 'MainThread': missing ScriptRunContext! This warning can be ignored when running in bare mode.
2026-03-30 10:48:13.168 Thread 'MainThread': missing ScriptRunContext! This warning can be ignored when running in bare mode.
2026-03-30 10:48:13.168 Thread 'MainThread': missing ScriptRunContext! This warning can be ignored when running in bare mode.
2026-03-30 10:48:13.168 Thread 'MainThread': missing ScriptRunContext! This warning can be ignored when running in bare mode.
2026-03-30 10:48:13.181 Thread 'MainThread': missing ScriptRunContext! This warning can be ignored when running in bare mode.
2026-03-30 10:48:13.181 Thread 'MainThread': missing ScriptRunContext! This warning can be ignored when running in bare mode.
2026-03-30 10:48:13.181 Thread 'MainThread': missing ScriptRunContext! This warning can be ignored when running in bare mode.
2026-03-30 10:48:13.186 Thread 'MainThread': missing ScriptRunContext! This warning can be ignored when running in bare mode.
2026-03-30 10:48:13.187 Thread 'MainThread': missing ScriptRunContext! This warning can be ignored when running in bare mode.
2026-03-30 10:48:13.187 Thread 'MainThread': missing ScriptRunContext! This warning can be ignored when running in bare mode.
2026-03-30 10:48:13.190 Thread 'MainThread': missing ScriptRunContext! This warning can be ignored when running in bare mode.
2026-03-30 10:48:13.190 Thread 'MainThread': missing ScriptRunContext! This warning can be ignored when running in bare mode.
2026-03-30 10:48:13.190 Thread 'MainThread': missing ScriptRunContext! This warning can be ignored when running in bare mode.
2026-03-30 10:48:13.190 Thread 'MainThread': missing ScriptRunContext! This warning can be ignored when running in bare mode.
2026-03-30 10:48:13.190 Thread 'MainThread': missing ScriptRunContext! This warning can be ignored when running in bare mode.
2026-03-30 10:48:13.190 Thread 'MainThread': missing ScriptRunContext! This warning can be ignored when running in bare mode.
2026-03-30 10:48:13.190 Thread 'MainThread': missing ScriptRunContext! This warning can be ignored when running in bare mode.
2026-03-30 10:48:13.190 Thread 'MainThread': missing ScriptRunContext! This warning can be ignored when running in bare mode.
2026-03-30 10:48:13.191 Thread 'MainThread': missing ScriptRunContext! This warning can be ignored when running in bare mode.
2026-03-30 10:48:13.193 Thread 'MainThread': missing ScriptRunContext! This warning can be ignored when running in bare mode.
2026-03-30 10:48:13.193 Thread 'MainThread': missing ScriptRunContext! This warning can be ignored when running in bare mode.
2026-03-30 10:48:13.193 Thread 'MainThread': missing ScriptRunContext! This warning can be ignored when running in bare mode.
2026-03-30 10:48:13.193 Thread 'MainThread': missing ScriptRunContext! This warning can be ignored when running in bare mode.
2026-03-30 10:48:13.194 Thread 'MainThread': missing ScriptRunContext! This warning can be ignored when running in bare mode.
2026-03-30 10:48:13.194 Thread 'MainThread': missing ScriptRunContext! This warning can be ignored when running in bare mode.
2026-03-30 10:48:13.194 Thread 'MainThread': missing ScriptRunContext! This warning can be ignored when running in bare mode.
2026-03-30 10:48:13.194 Thread 'MainThread': missing ScriptRunContext! This warning can be ignored when running in bare mode.
2026-03-30 10:48:13.194 Thread 'MainThread': missing ScriptRunContext! This warning can be ignored when running in bare mode.
2026-03-30 10:48:13.194 Thread 'MainThread': missing ScriptRunContext! This warning can be ignored when running in bare mode.
2026-03-30 10:48:13.194 Thread 'MainThread': missing ScriptRunContext! This warning can be ignored when running in bare mode.
2026-03-30 10:48:13.194 Thread 'MainThread': missing ScriptRunContext! This warning can be ignored when running in bare mode.
2026-03-30 10:48:13.196 Thread 'MainThread': missing ScriptRunContext! This warning can be ignored when running in bare mode.
2026-03-30 10:48:13.197 Thread 'MainThread': missing ScriptRunContext! This warning can be ignored when running in bare mode.
2026-03-30 10:48:13.197 Thread 'MainThread': missing ScriptRunContext! This warning can be ignored when running in bare mode.
2026-03-30 10:48:13.197 Thread 'MainThread': missing ScriptRunContext! This warning can be ignored when running in bare mode.
2026-03-30 10:48:13.197 Thread 'MainThread': missing ScriptRunContext! This warning can be ignored when running in bare mode.
2026-03-30 10:48:13.197 Thread 'MainThread': missing ScriptRunContext! This warning can be ignored when running in bare mode.
2026-03-30 10:48:13.197 Thread 'MainThread': missing ScriptRunContext! This warning can be ignored when running in bare mode.
2026-03-30 10:48:13.197 Thread 'MainThread': missing ScriptRunContext! This warning can be ignored when running in bare mode.
2026-03-30 10:48:13.197 Thread 'MainThread': missing ScriptRunContext! This warning can be ignored when running in bare mode.
2026-03-30 10:48:13.198 Thread 'MainThread': missing ScriptRunContext! This warning can be ignored when running in bare mode.
2026-03-30 10:48:13.198 Session state does not function when running a script without `streamlit run`
2026-03-30 10:48:13.198 Thread 'MainThread': missing ScriptRunContext! This warning can be ignored when running in bare mode.
2026-03-30 10:48:13.198 Thread 'MainThread': missing ScriptRunContext! This warning can be ignored when running in bare mode.
2026-03-30 10:48:13.198 Thread 'MainThread': missing ScriptRunContext! This warning can be ignored when running in bare mode.
2026-03-30 10:48:13.208 Thread 'MainThread': missing ScriptRunContext! This warning can be ignored when running in bare mode.
2026-03-30 10:48:13.208 Thread 'MainThread': missing ScriptRunContext! This warning can be ignored when running in bare mode.
2026-03-30 10:48:13.208 Thread 'MainThread': missing ScriptRunContext! This warning can be ignored when running in bare mode.
2026-03-30 10:48:13.215 Thread 'MainThread': missing ScriptRunContext! This warning can be ignored when running in bare mode.
2026-03-30 10:48:13.215 Thread 'MainThread': missing ScriptRunContext! This warning can be ignored when running in bare mode.
2026-03-30 10:48:13.215 Thread 'MainThread': missing ScriptRunContext! This warning can be ignored when running in bare mode.
2026-03-30 10:48:13.216 Thread 'MainThread': missing ScriptRunContext! This warning can be ignored when running in bare mode.
2026-03-30 10:48:13.217 Thread 'MainThread': missing ScriptRunContext! This warning can be ignored when running in bare mode.
2026-03-30 10:48:13.217 Thread 'MainThread': missing ScriptRunContext! This warning can be ignored when running in bare mode.
2026-03-30 10:48:13.217 Thread 'MainThread': missing ScriptRunContext! This warning can be ignored when running in bare mode.
2026-03-30 10:48:13.217 Thread 'MainThread': missing ScriptRunContext! This warning can be ignored when running in bare mode.
2026-03-30 10:48:13.217 Thread 'MainThread': missing ScriptRunContext! This warning can be ignored when running in bare mode.
2026-03-30 10:48:13.217 Thread 'MainThread': missing ScriptRunContext! This warning can be ignored when running in bare mode.
2026-03-30 10:48:13.217 Thread 'MainThread': missing ScriptRunContext! This warning can be ignored when running in bare mode.
2026-03-30 10:48:13.217 Thread 'MainThread': missing ScriptRunContext! This warning can be ignored when running in bare mode.
2026-03-30 10:48:13.217 Thread 'MainThread': missing ScriptRunContext! This warning can be ignored when running in bare mode.
2026-03-30 10:48:13.230 Please replace `use_container_width` with `width`.

`use_container_width` will be removed after 2025-12-31.

For `use_container_width=True`, use `width='stretch'`. For `use_container_width=False`, use `width='content'`.
2026-03-30 10:48:13.241 Thread 'MainThread': missing ScriptRunContext! This warning can be ignored when running in bare mode.
2026-03-30 10:48:13.241 Thread 'MainThread': missing ScriptRunContext! This warning can be ignored when running in bare mode.
2026-03-30 10:48:13.241 Thread 'MainThread': missing ScriptRunContext! This warning can be ignored when running in bare mode.
2026-03-30 10:48:13.241 Thread 'MainThread': missing ScriptRunContext! This warning can be ignored when running in bare mode.
2026-03-30 10:48:13.241 Thread 'MainThread': missing ScriptRunContext! This warning can be ignored when running in bare mode.
2026-03-30 10:48:13.241 Thread 'MainThread': missing ScriptRunContext! This warning can be ignored when running in bare mode.
2026-03-30 10:48:13.279 Please replace `use_container_width` with `width`.

`use_container_width` will be removed after 2025-12-31.

For `use_container_width=True`, use `width='stretch'`. For `use_container_width=False`, use `width='content'`.
2026-03-30 10:48:13.281 Thread 'MainThread': missing ScriptRunContext! This warning can be ignored when running in bare mode.
2026-03-30 10:48:13.281 Thread 'MainThread': missing ScriptRunContext! This warning can be ignored when running in bare mode.
2026-03-30 10:48:13.281 Thread 'MainThread': missing ScriptRunContext! This warning can be ignored when running in bare mode.
2026-03-30 10:48:13.282 Thread 'MainThread': missing ScriptRunContext! This warning can be ignored when running in bare mode.
2026-03-30 10:48:13.282 Thread 'MainThread': missing ScriptRunContext! This warning can be ignored when running in bare mode.
2026-03-30 10:48:13.282 Thread 'MainThread': missing ScriptRunContext! This warning can be ignored when running in bare mode.
2026-03-30 10:48:13.282 Thread 'MainThread': missing ScriptRunContext! This warning can be ignored when running in bare mode.
2026-03-30 10:48:13.282 Thread 'MainThread': missing ScriptRunContext! This warning can be ignored when running in bare mode.
2026-03-30 10:48:13.333 Please replace `use_container_width` with `width`.

`use_container_width` will be removed after 2025-12-31.

For `use_container_width=True`, use `width='stretch'`. For `use_container_width=False`, use `width='content'`.
2026-03-30 10:48:13.334 Thread 'MainThread': missing ScriptRunContext! This warning can be ignored when running in bare mode.
2026-03-30 10:48:13.334 Thread 'MainThread': missing ScriptRunContext! This warning can be ignored when running in bare mode.
2026-03-30 10:48:13.335 Thread 'MainThread': missing ScriptRunContext! This warning can be ignored when running in bare mode.
2026-03-30 10:48:13.335 Thread 'MainThread': missing ScriptRunContext! This warning can be ignored when running in bare mode.
2026-03-30 10:48:13.335 Thread 'MainThread': missing ScriptRunContext! This warning can be ignored when running in bare mode.
2026-03-30 10:48:13.335 Thread 'MainThread': missing ScriptRunContext! This warning can be ignored when running in bare mode.
2026-03-30 10:48:13.335 Thread 'MainThread': missing ScriptRunContext! This warning can be ignored when running in bare mode.
2026-03-30 10:48:13.335 Thread 'MainThread': missing ScriptRunContext! This warning can be ignored when running in bare mode.
2026-03-30 10:48:13.335 Thread 'MainThread': missing ScriptRunContext! This warning can be ignored when running in bare mode.
2026-03-30 10:48:13.335 Thread 'MainThread': missing ScriptRunContext! This warning can be ignored when running in bare mode.
2026-03-30 10:48:13.335 Thread 'MainThread': missing ScriptRunContext! This warning can be ignored when running in bare mode.
2026-03-30 10:48:13.356 Please replace `use_container_width` with `width`.

`use_container_width` will be removed after 2025-12-31.

For `use_container_width=True`, use `width='stretch'`. For `use_container_width=False`, use `width='content'`.
2026-03-30 10:48:13.357 Thread 'MainThread': missing ScriptRunContext! This warning can be ignored when running in bare mode.
2026-03-30 10:48:13.357 Thread 'MainThread': missing ScriptRunContext! This warning can be ignored when running in bare mode.
2026-03-30 10:48:13.357 Thread 'MainThread': missing ScriptRunContext! This warning can be ignored when running in bare mode.
2026-03-30 10:48:13.357 Thread 'MainThread': missing ScriptRunContext! This warning can be ignored when running in bare mode.
2026-03-30 10:48:13.357 Thread 'MainThread': missing ScriptRunContext! This warning can be ignored when running in bare mode.
2026-03-30 10:48:13.357 Thread 'MainThread': missing ScriptRunContext! This warning can be ignored when running in bare mode.
2026-03-30 10:48:13.357 Thread 'MainThread': missing ScriptRunContext! This warning can be ignored when running in bare mode.
2026-03-30 10:48:13.357 Thread 'MainThread': missing ScriptRunContext! This warning can be ignored when running in bare mode.
2026-03-30 10:48:13.358 Thread 'MainThread': missing ScriptRunContext! This warning can be ignored when running in bare mode.
2026-03-30 10:48:13.358 Thread 'MainThread': missing ScriptRunContext! This warning can be ignored when running in bare mode.
2026-03-30 10:48:13.358 Thread 'MainThread': missing ScriptRunContext! This warning can be ignored when running in bare mode.
