[2026-03-30T21:05:55.355316Z] Starter THEIRSTACK EXPANSION...
================================================================================
Total pages: 835
Expected companies: ~8,345

  📄 Page 1: Found 10 companies
  📄 Page 2: Found 10 companies
  📄 Page 3: Found 10 companies
  📄 Page 4: Found 10 companies
  📄 Page 5: Found 10 companies
  📄 Page 6: Found 10 companies
  📄 Page 7: Found 10 companies
  📄 Page 8: Found 10 companies
  📄 Page 9: Found 10 companies
  📄 Page 10: Found 10 companies
  ⏳ Progress: 10/835 (added: 0, existing: 100)
  📄 Page 11: Found 10 companies
  📄 Page 12: Found 10 companies
  📄 Page 13: Found 10 companies
  📄 Page 14: Found 10 companies
  📄 Page 15: Found 10 companies
  📄 Page 16: Found 10 companies
  📄 Page 17: Found 10 companies
  📄 Page 18: Found 10 companies
  📄 Page 19: Found 10 companies
  📄 Page 20: Found 10 companies
  ⏳ Progress: 20/835 (added: 0, existing: 200)
  📄 Page 21: Found 10 companies
  📄 Page 22: Found 10 companies
  📄 Page 23: Found 10 companies
  📄 Page 24: Found 10 companies
  📄 Page 25: Found 10 companies
  📄 Page 26: Found 10 companies
  📄 Page 27: Found 10 companies
  📄 Page 28: Found 10 companies
  📄 Page 29: Found 10 companies
  📄 Page 30: Found 10 companies
  ⏳ Progress: 30/835 (added: 0, existing: 300)
  📄 Page 31: Found 10 companies
  📄 Page 32: Found 10 companies
  📄 Page 33: Found 10 companies
  📄 Page 34: Found 10 companies
  📄 Page 35: Found 10 companies
  📄 Page 36: Found 10 companies
  📄 Page 37: Found 10 companies
  📄 Page 38: Found 10 companies
  📄 Page 39: Found 10 companies
  📄 Page 40: Found 10 companies
  ⏳ Progress: 40/835 (added: 0, existing: 400)
  📄 Page 41: Found 10 companies
  📄 Page 42: Found 10 companies
  📄 Page 43: Found 10 companies
  📄 Page 44: Found 10 companies
  📄 Page 45: Found 10 companies
  📄 Page 46: Found 10 companies
  📄 Page 47: Found 10 companies
  📄 Page 48: Found 10 companies
  📄 Page 49: Found 10 companies
  📄 Page 50: Found 10 companies
  ⏳ Progress: 50/835 (added: 0, existing: 500)
  📄 Page 51: Found 10 companies
  📄 Page 52: Found 10 companies
  📄 Page 53: Found 10 companies
  📄 Page 54: Found 10 companies
  📄 Page 55: Found 10 companies
  📄 Page 56: Found 10 companies
  📄 Page 57: Found 10 companies
  📄 Page 58: Found 10 companies
  📄 Page 59: Found 10 companies
  📄 Page 60: Found 10 companies
  ⏳ Progress: 60/835 (added: 0, existing: 600)
  📄 Page 61: Found 10 companies
  📄 Page 62: Found 10 companies
  📄 Page 63: Found 10 companies
  📄 Page 64: Found 10 companies
  📄 Page 65: Found 10 companies
  📄 Page 66: Found 10 companies
  📄 Page 67: Found 10 companies
  📄 Page 68: Found 10 companies
  📄 Page 69: Found 10 companies
  📄 Page 70: Found 10 companies
  ⏳ Progress: 70/835 (added: 0, existing: 700)
  📄 Page 71: Found 10 companies
  📄 Page 72: Found 10 companies
  📄 Page 73: Found 10 companies
  📄 Page 74: Found 10 companies
  📄 Page 75: Found 10 companies
  📄 Page 76: Found 10 companies
  📄 Page 77: Found 10 companies
  📄 Page 78: Found 10 companies
  📄 Page 79: Found 10 companies
  📄 Page 80: Found 10 companies
  ⏳ Progress: 80/835 (added: 0, existing: 800)
  📄 Page 81: Found 10 companies
  📄 Page 82: Found 10 companies
  📄 Page 83: Found 10 companies
  📄 Page 84: Found 10 companies
  📄 Page 85: Found 10 companies
  📄 Page 86: Found 10 companies
  📄 Page 87: Found 10 companies
  📄 Page 88: Found 10 companies
  📄 Page 89: Found 10 companies
  📄 Page 90: Found 10 companies
  ⏳ Progress: 90/835 (added: 0, existing: 900)
  📄 Page 91: Found 10 companies
  📄 Page 92: Found 10 companies
  📄 Page 93: Found 10 companies
  📄 Page 94: Found 10 companies
  📄 Page 95: Found 10 companies
  📄 Page 96: Found 10 companies
  📄 Page 97: Found 10 companies
  📄 Page 98: Found 10 companies
  📄 Page 99: Found 10 companies
  📄 Page 100: Found 10 companies
  ⏳ Progress: 100/835 (added: 0, existing: 1000)
  📄 Page 101: Found 10 companies
  📄 Page 102: Found 10 companies
  📄 Page 103: Found 10 companies
  📄 Page 104: Found 10 companies
  📄 Page 105: Found 10 companies
  📄 Page 106: Found 10 companies
  📄 Page 107: Found 10 companies
  📄 Page 108: Found 10 companies
  📄 Page 109: Found 10 companies
  📄 Page 110: Found 10 companies
  ⏳ Progress: 110/835 (added: 0, existing: 1100)
  📄 Page 111: Found 10 companies
  📄 Page 112: Found 10 companies
  📄 Page 113: Found 10 companies
  📄 Page 114: Found 10 companies
  📄 Page 115: Found 10 companies
  📄 Page 116: Found 10 companies
  📄 Page 117: Found 10 companies
  📄 Page 118: Found 10 companies
  📄 Page 119: Found 10 companies
  📄 Page 120: Found 10 companies
  ⏳ Progress: 120/835 (added: 0, existing: 1200)
  📄 Page 121: Found 10 companies
  📄 Page 122: Found 10 companies
  📄 Page 123: Found 10 companies
  📄 Page 124: Found 10 companies
  📄 Page 125: Found 10 companies
  📄 Page 126: Found 10 companies
  📄 Page 127: Found 10 companies
  📄 Page 128: Found 10 companies
  📄 Page 129: Found 10 companies
  📄 Page 130: Found 10 companies
  ⏳ Progress: 130/835 (added: 0, existing: 1300)
  📄 Page 131: Found 10 companies
  📄 Page 132: Found 10 companies
  📄 Page 133: Found 10 companies
  📄 Page 134: Found 10 companies
  📄 Page 135: Found 10 companies
  📄 Page 136: Found 10 companies
  📄 Page 137: Found 10 companies
  📄 Page 138: Found 10 companies
  📄 Page 139: Found 10 companies
  📄 Page 140: Found 10 companies
  ⏳ Progress: 140/835 (added: 0, existing: 1400)
  📄 Page 141: Found 10 companies
  📄 Page 142: Found 10 companies
  📄 Page 143: Found 10 companies
  📄 Page 144: Found 10 companies
  📄 Page 145: Found 10 companies
  📄 Page 146: Found 10 companies
  📄 Page 147: Found 10 companies
  📄 Page 148: Found 10 companies
  📄 Page 149: Found 10 companies
  📄 Page 150: Found 10 companies
  ⏳ Progress: 150/835 (added: 0, existing: 1500)
  📄 Page 151: Found 10 companies
  📄 Page 152: Found 10 companies
  📄 Page 153: Found 10 companies
  📄 Page 154: Found 10 companies
  📄 Page 155: Found 10 companies
  📄 Page 156: Found 10 companies
  📄 Page 157: Found 10 companies
  📄 Page 158: Found 10 companies
  📄 Page 159: Found 10 companies
  📄 Page 160: Found 10 companies
  ⏳ Progress: 160/835 (added: 0, existing: 1600)
  📄 Page 161: Found 10 companies
  📄 Page 162: Found 10 companies
  📄 Page 163: Found 10 companies
  📄 Page 164: Found 10 companies
  📄 Page 165: Found 10 companies
  📄 Page 166: Found 10 companies
  📄 Page 167: Found 10 companies
  📄 Page 168: Found 10 companies
  📄 Page 169: Found 10 companies
  📄 Page 170: Found 10 companies
  ⏳ Progress: 170/835 (added: 0, existing: 1700)
  📄 Page 171: Found 10 companies
  📄 Page 172: Found 10 companies
  📄 Page 173: Found 10 companies
  📄 Page 174: Found 10 companies
  📄 Page 175: Found 10 companies
  📄 Page 176: Found 10 companies
  📄 Page 177: Found 10 companies
  📄 Page 178: Found 10 companies
  📄 Page 179: Found 10 companies
  📄 Page 180: Found 10 companies
  ⏳ Progress: 180/835 (added: 0, existing: 1800)
  📄 Page 181: Found 10 companies
  📄 Page 182: Found 10 companies
  📄 Page 183: Found 10 companies
  📄 Page 184: Found 10 companies
  📄 Page 185: Found 10 companies
  📄 Page 186: Found 10 companies
  📄 Page 187: Found 10 companies
  📄 Page 188: Found 10 companies
  📄 Page 189: Found 10 companies
  📄 Page 190: Found 10 companies
  ⏳ Progress: 190/835 (added: 0, existing: 1900)
  📄 Page 191: Found 10 companies
  📄 Page 192: Found 10 companies
  📄 Page 193: Found 10 companies
  📄 Page 194: Found 10 companies
  📄 Page 195: Found 10 companies
  📄 Page 196: Found 10 companies
  📄 Page 197: Found 10 companies
  📄 Page 198: Found 10 companies
  📄 Page 199: Found 10 companies
  📄 Page 200: Found 10 companies
  ⏳ Progress: 200/835 (added: 0, existing: 2000)
  📄 Page 201: Found 10 companies
  📄 Page 202: Found 10 companies
  📄 Page 203: Found 10 companies
  📄 Page 204: Found 10 companies
  📄 Page 205: Found 10 companies
  📄 Page 206: Found 10 companies
  📄 Page 207: Found 10 companies
  📄 Page 208: Found 10 companies
  📄 Page 209: Found 10 companies
  📄 Page 210: Found 10 companies
  ⏳ Progress: 210/835 (added: 0, existing: 2100)
  📄 Page 211: Found 10 companies
  📄 Page 212: Found 10 companies
  📄 Page 213: Found 10 companies
  📄 Page 214: Found 10 companies
  📄 Page 215: Found 10 companies
  📄 Page 216: Found 10 companies
  📄 Page 217: Found 10 companies
  📄 Page 218: Found 10 companies
  📄 Page 219: Found 10 companies
  📄 Page 220: Found 10 companies
  ⏳ Progress: 220/835 (added: 0, existing: 2200)
  📄 Page 221: Found 10 companies
  📄 Page 222: Found 10 companies
  📄 Page 223: Found 10 companies
  📄 Page 224: Found 10 companies
  📄 Page 225: Found 10 companies
  📄 Page 226: Found 10 companies
  📄 Page 227: Found 10 companies
  📄 Page 228: Found 10 companies
  📄 Page 229: Found 10 companies
  📄 Page 230: Found 10 companies
  ⏳ Progress: 230/835 (added: 0, existing: 2300)
  📄 Page 231: Found 10 companies
  📄 Page 232: Found 10 companies
  📄 Page 233: Found 10 companies
  📄 Page 234: Found 10 companies
  📄 Page 235: Found 10 companies
  📄 Page 236: Found 10 companies
  📄 Page 237: Found 10 companies
  📄 Page 238: Found 10 companies
  📄 Page 239: Found 10 companies
  📄 Page 240: Found 10 companies
  ⏳ Progress: 240/835 (added: 0, existing: 2400)
  📄 Page 241: Found 10 companies
  📄 Page 242: Found 10 companies
  📄 Page 243: Found 10 companies
  📄 Page 244: Found 10 companies
  📄 Page 245: Found 10 companies
  📄 Page 246: Found 10 companies
  📄 Page 247: Found 10 companies
  📄 Page 248: Found 10 companies
  📄 Page 249: Found 10 companies
  📄 Page 250: Found 10 companies
  ⏳ Progress: 250/835 (added: 0, existing: 2500)
  📄 Page 251: Found 10 companies
  📄 Page 252: Found 10 companies
  📄 Page 253: Found 10 companies
  📄 Page 254: Found 10 companies
  📄 Page 255: Found 10 companies
  📄 Page 256: Found 10 companies
  📄 Page 257: Found 10 companies
  📄 Page 258: Found 10 companies
  📄 Page 259: Found 10 companies
  📄 Page 260: Found 10 companies
  ⏳ Progress: 260/835 (added: 0, existing: 2600)
  📄 Page 261: Found 10 companies
  📄 Page 262: Found 10 companies
  📄 Page 263: Found 10 companies
  📄 Page 264: Found 10 companies
  📄 Page 265: Found 10 companies
  📄 Page 266: Found 10 companies
  📄 Page 267: Found 10 companies
  📄 Page 268: Found 10 companies
  📄 Page 269: Found 10 companies
  📄 Page 270: Found 10 companies
  ⏳ Progress: 270/835 (added: 0, existing: 2700)
  📄 Page 271: Found 10 companies
  📄 Page 272: Found 10 companies
  📄 Page 273: Found 10 companies
  📄 Page 274: Found 10 companies
  📄 Page 275: Found 10 companies
  📄 Page 276: Found 10 companies
  📄 Page 277: Found 10 companies
  📄 Page 278: Found 10 companies
  📄 Page 279: Found 10 companies
  📄 Page 280: Found 10 companies
  ⏳ Progress: 280/835 (added: 0, existing: 2800)
  📄 Page 281: Found 10 companies
  📄 Page 282: Found 10 companies
  📄 Page 283: Found 10 companies
  📄 Page 284: Found 10 companies
  📄 Page 285: Found 10 companies
  📄 Page 286: Found 10 companies
  📄 Page 287: Found 10 companies
  📄 Page 288: Found 10 companies
  📄 Page 289: Found 10 companies
  📄 Page 290: Found 10 companies
  ⏳ Progress: 290/835 (added: 0, existing: 2900)
  📄 Page 291: Found 10 companies
  📄 Page 292: Found 10 companies
  📄 Page 293: Found 10 companies
  📄 Page 294: Found 10 companies
  📄 Page 295: Found 10 companies
  📄 Page 296: Found 10 companies
  📄 Page 297: Found 10 companies
  📄 Page 298: Found 10 companies
  📄 Page 299: Found 10 companies
  📄 Page 300: Found 10 companies
  ⏳ Progress: 300/835 (added: 0, existing: 3000)
  📄 Page 301: Found 10 companies
  📄 Page 302: Found 10 companies
  📄 Page 303: Found 10 companies
  📄 Page 304: Found 10 companies
  📄 Page 305: Found 10 companies
  📄 Page 306: Found 10 companies
  📄 Page 307: Found 10 companies
  📄 Page 308: Found 10 companies
  📄 Page 309: Found 10 companies
  📄 Page 310: Found 10 companies
  ⏳ Progress: 310/835 (added: 0, existing: 3100)
  📄 Page 311: Found 10 companies
  📄 Page 312: Found 10 companies
  📄 Page 313: Found 10 companies
  📄 Page 314: Found 10 companies
  📄 Page 315: Found 10 companies
  📄 Page 316: Found 10 companies
  📄 Page 317: Found 10 companies
  📄 Page 318: Found 10 companies
  📄 Page 319: Found 10 companies
  📄 Page 320: Found 10 companies
  ⏳ Progress: 320/835 (added: 0, existing: 3200)
  📄 Page 321: Found 10 companies
  📄 Page 322: Found 10 companies
  📄 Page 323: Found 10 companies
  📄 Page 324: Found 10 companies
  📄 Page 325: Found 10 companies
  📄 Page 326: Found 10 companies
  📄 Page 327: Found 10 companies
  📄 Page 328: Found 10 companies
  📄 Page 329: Found 10 companies
  📄 Page 330: Found 10 companies
  ⏳ Progress: 330/835 (added: 0, existing: 3300)
  📄 Page 331: Found 10 companies
  📄 Page 332: Found 10 companies
  📄 Page 333: Found 10 companies
  📄 Page 334: Found 10 companies
  📄 Page 335: Found 10 companies
  📄 Page 336: Found 10 companies
  📄 Page 337: Found 10 companies
  📄 Page 338: Found 10 companies
  📄 Page 339: Found 10 companies
  📄 Page 340: Found 10 companies
  ⏳ Progress: 340/835 (added: 0, existing: 3400)
  📄 Page 341: Found 10 companies
  📄 Page 342: Found 10 companies
  📄 Page 343: Found 10 companies
  📄 Page 344: Found 10 companies
  📄 Page 345: Found 10 companies
  📄 Page 346: Found 10 companies
  📄 Page 347: Found 10 companies
  📄 Page 348: Found 10 companies
  📄 Page 349: Found 10 companies
  📄 Page 350: Found 10 companies
  ⏳ Progress: 350/835 (added: 0, existing: 3500)
  📄 Page 351: Found 10 companies
  📄 Page 352: Found 10 companies
  📄 Page 353: Found 10 companies
  📄 Page 354: Found 10 companies
  📄 Page 355: Found 10 companies
  📄 Page 356: Found 10 companies
  📄 Page 357: Found 10 companies
  📄 Page 358: Found 10 companies
  📄 Page 359: Found 10 companies
  📄 Page 360: Found 10 companies
  ⏳ Progress: 360/835 (added: 0, existing: 3600)
  📄 Page 361: Found 10 companies
  📄 Page 362: Found 10 companies
  📄 Page 363: Found 10 companies
  📄 Page 364: Found 10 companies
  📄 Page 365: Found 10 companies
  📄 Page 366: Found 10 companies
  📄 Page 367: Found 10 companies
  📄 Page 368: Found 10 companies
  📄 Page 369: Found 10 companies
  📄 Page 370: Found 10 companies
  ⏳ Progress: 370/835 (added: 0, existing: 3700)
  📄 Page 371: Found 10 companies
  📄 Page 372: Found 10 companies
  📄 Page 373: Found 10 companies
  📄 Page 374: Found 10 companies
  📄 Page 375: Found 10 companies
  📄 Page 376: Found 10 companies
  📄 Page 377: Found 10 companies
  📄 Page 378: Found 10 companies
  📄 Page 379: Found 10 companies
  📄 Page 380: Found 10 companies
  ⏳ Progress: 380/835 (added: 0, existing: 3800)
  📄 Page 381: Found 10 companies
  📄 Page 382: Found 10 companies
  📄 Page 383: Found 10 companies
  📄 Page 384: Found 10 companies
  📄 Page 385: Found 10 companies
  📄 Page 386: Found 10 companies
  📄 Page 387: Found 10 companies
  📄 Page 388: Found 10 companies
  📄 Page 389: Found 10 companies
  📄 Page 390: Found 10 companies
  ⏳ Progress: 390/835 (added: 0, existing: 3900)
  📄 Page 391: Found 10 companies
  📄 Page 392: Found 10 companies
  📄 Page 393: Found 10 companies
  📄 Page 394: Found 10 companies
  📄 Page 395: Found 10 companies
  📄 Page 396: Found 10 companies
  📄 Page 397: Found 10 companies
  📄 Page 398: Found 10 companies
  📄 Page 399: Found 10 companies
  📄 Page 400: Found 10 companies
  ⏳ Progress: 400/835 (added: 0, existing: 4000)
  📄 Page 401: Found 10 companies
  📄 Page 402: Found 10 companies
  📄 Page 403: Found 10 companies
  📄 Page 404: Found 10 companies
  📄 Page 405: Found 10 companies
  📄 Page 406: Found 10 companies
  📄 Page 407: Found 10 companies
  📄 Page 408: Found 10 companies
  📄 Page 409: Found 10 companies
  📄 Page 410: Found 10 companies
  ⏳ Progress: 410/835 (added: 0, existing: 4100)
  📄 Page 411: Found 10 companies
  📄 Page 412: Found 10 companies
  📄 Page 413: Found 10 companies
  📄 Page 414: Found 10 companies
  📄 Page 415: Found 10 companies
  📄 Page 416: Found 10 companies
  📄 Page 417: Found 10 companies
  📄 Page 418: Found 10 companies
  📄 Page 419: Found 10 companies
  📄 Page 420: Found 10 companies
  ⏳ Progress: 420/835 (added: 0, existing: 4200)
  📄 Page 421: Found 10 companies
  📄 Page 422: Found 10 companies
  📄 Page 423: Found 10 companies
  📄 Page 424: Found 10 companies
  📄 Page 425: Found 10 companies
  📄 Page 426: Found 10 companies
  📄 Page 427: Found 10 companies
  📄 Page 428: Found 10 companies
  📄 Page 429: Found 10 companies
  📄 Page 430: Found 10 companies
  ⏳ Progress: 430/835 (added: 0, existing: 4300)
  📄 Page 431: Found 10 companies
  📄 Page 432: Found 10 companies
  📄 Page 433: Found 10 companies
  📄 Page 434: Found 10 companies
  📄 Page 435: Found 10 companies
  📄 Page 436: Found 10 companies
  📄 Page 437: Found 10 companies
  📄 Page 438: Found 10 companies
  📄 Page 439: Found 10 companies
  📄 Page 440: Found 10 companies
  ⏳ Progress: 440/835 (added: 0, existing: 4400)
  📄 Page 441: Found 10 companies
  📄 Page 442: Found 10 companies
  📄 Page 443: Found 10 companies
  📄 Page 444: Found 10 companies
  📄 Page 445: Found 10 companies
  📄 Page 446: Found 10 companies
  📄 Page 447: Found 10 companies
  📄 Page 448: Found 10 companies
  📄 Page 449: Found 10 companies
  📄 Page 450: Found 10 companies
  ⏳ Progress: 450/835 (added: 0, existing: 4500)
  📄 Page 451: Found 10 companies
  📄 Page 452: Found 10 companies
  📄 Page 453: Found 10 companies
  📄 Page 454: Found 10 companies
  📄 Page 455: Found 10 companies
  📄 Page 456: Found 10 companies
  📄 Page 457: Found 10 companies
  📄 Page 458: Found 10 companies
  📄 Page 459: Found 10 companies
  📄 Page 460: Found 10 companies
  ⏳ Progress: 460/835 (added: 0, existing: 4600)
  📄 Page 461: Found 10 companies
  📄 Page 462: Found 10 companies
  📄 Page 463: Found 10 companies
  📄 Page 464: Found 10 companies
  📄 Page 465: Found 10 companies
  📄 Page 466: Found 10 companies
  📄 Page 467: Found 10 companies
  📄 Page 468: Found 10 companies
  📄 Page 469: Found 10 companies
  📄 Page 470: Found 10 companies
  ⏳ Progress: 470/835 (added: 0, existing: 4700)
  📄 Page 471: Found 10 companies
  📄 Page 472: Found 10 companies
  📄 Page 473: Found 10 companies
  📄 Page 474: Found 10 companies
  📄 Page 475: Found 10 companies
  📄 Page 476: Found 10 companies
  📄 Page 477: Found 10 companies
  📄 Page 478: Found 10 companies
  📄 Page 479: Found 10 companies
  📄 Page 480: Found 10 companies
  ⏳ Progress: 480/835 (added: 0, existing: 4800)
  📄 Page 481: Found 10 companies
  📄 Page 482: Found 10 companies
  📄 Page 483: Found 10 companies
  📄 Page 484: Found 10 companies
  📄 Page 485: Found 10 companies
  📄 Page 486: Found 10 companies
  📄 Page 487: Found 10 companies
  📄 Page 488: Found 10 companies
  📄 Page 489: Found 10 companies
  📄 Page 490: Found 10 companies
  ⏳ Progress: 490/835 (added: 0, existing: 4900)
  📄 Page 491: Found 10 companies
  📄 Page 492: Found 10 companies
  📄 Page 493: Found 10 companies
  📄 Page 494: Found 10 companies
  📄 Page 495: Found 10 companies
  📄 Page 496: Found 10 companies
  📄 Page 497: Found 10 companies
  📄 Page 498: Found 10 companies
  📄 Page 499: Found 10 companies
  📄 Page 500: Found 10 companies
  ⏳ Progress: 500/835 (added: 0, existing: 5000)
  📄 Page 501: Found 10 companies
  📄 Page 502: Found 10 companies
  📄 Page 503: Found 10 companies
  📄 Page 504: Found 10 companies
  📄 Page 505: Found 10 companies
  📄 Page 506: Found 10 companies
  📄 Page 507: Found 10 companies
  📄 Page 508: Found 10 companies
  📄 Page 509: Found 10 companies
  📄 Page 510: Found 10 companies
  ⏳ Progress: 510/835 (added: 0, existing: 5100)
  📄 Page 511: Found 10 companies
  📄 Page 512: Found 10 companies
  📄 Page 513: Found 10 companies
  📄 Page 514: Found 10 companies
  📄 Page 515: Found 10 companies
  📄 Page 516: Found 10 companies
  📄 Page 517: Found 10 companies
  📄 Page 518: Found 10 companies
  📄 Page 519: Found 10 companies
  📄 Page 520: Found 10 companies
  ⏳ Progress: 520/835 (added: 0, existing: 5200)
  📄 Page 521: Found 10 companies
  📄 Page 522: Found 10 companies
  📄 Page 523: Found 10 companies
  📄 Page 524: Found 10 companies
  📄 Page 525: Found 10 companies
  📄 Page 526: Found 10 companies
  📄 Page 527: Found 10 companies
  📄 Page 528: Found 10 companies
  📄 Page 529: Found 10 companies
  📄 Page 530: Found 10 companies
  ⏳ Progress: 530/835 (added: 0, existing: 5300)
  📄 Page 531: Found 10 companies
  📄 Page 532: Found 10 companies
  📄 Page 533: Found 10 companies
  📄 Page 534: Found 10 companies
  📄 Page 535: Found 10 companies
  📄 Page 536: Found 10 companies
  📄 Page 537: Found 10 companies
  📄 Page 538: Found 10 companies
  📄 Page 539: Found 10 companies
  📄 Page 540: Found 10 companies
  ⏳ Progress: 540/835 (added: 0, existing: 5400)
  📄 Page 541: Found 10 companies
  📄 Page 542: Found 10 companies
  📄 Page 543: Found 10 companies
  📄 Page 544: Found 10 companies
  📄 Page 545: Found 10 companies
  📄 Page 546: Found 10 companies
  📄 Page 547: Found 10 companies
  📄 Page 548: Found 10 companies
  📄 Page 549: Found 10 companies
  📄 Page 550: Found 10 companies
  ⏳ Progress: 550/835 (added: 0, existing: 5500)
  📄 Page 551: Found 10 companies
  📄 Page 552: Found 10 companies
  📄 Page 553: Found 10 companies
  📄 Page 554: Found 10 companies
  📄 Page 555: Found 10 companies
  📄 Page 556: Found 10 companies
  📄 Page 557: Found 10 companies
  📄 Page 558: Found 10 companies
  📄 Page 559: Found 10 companies
  📄 Page 560: Found 10 companies
  ⏳ Progress: 560/835 (added: 0, existing: 5600)
  📄 Page 561: Found 10 companies
  📄 Page 562: Found 10 companies
  📄 Page 563: Found 10 companies
  📄 Page 564: Found 10 companies
  📄 Page 565: Found 10 companies
  📄 Page 566: Found 10 companies
  📄 Page 567: Found 10 companies
  📄 Page 568: Found 10 companies
  📄 Page 569: Found 10 companies
  📄 Page 570: Found 10 companies
  ⏳ Progress: 570/835 (added: 0, existing: 5700)
  📄 Page 571: Found 10 companies
  📄 Page 572: Found 10 companies
  📄 Page 573: Found 10 companies
  📄 Page 574: Found 10 companies
  📄 Page 575: Found 10 companies
  📄 Page 576: Found 10 companies
  📄 Page 577: Found 10 companies
  📄 Page 578: Found 10 companies
  📄 Page 579: Found 10 companies
  📄 Page 580: Found 10 companies
  ⏳ Progress: 580/835 (added: 0, existing: 5800)
  📄 Page 581: Found 10 companies
  📄 Page 582: Found 10 companies
  📄 Page 583: Found 10 companies
  📄 Page 584: Found 10 companies
  📄 Page 585: Found 10 companies
  📄 Page 586: Found 10 companies
  📄 Page 587: Found 10 companies
  📄 Page 588: Found 10 companies
  📄 Page 589: Found 10 companies
  📄 Page 590: Found 10 companies
  ⏳ Progress: 590/835 (added: 0, existing: 5900)
  📄 Page 591: Found 10 companies
  📄 Page 592: Found 10 companies
  📄 Page 593: Found 10 companies
  📄 Page 594: Found 10 companies
  📄 Page 595: Found 10 companies
  📄 Page 596: Found 10 companies
  📄 Page 597: Found 10 companies
  📄 Page 598: Found 10 companies
  📄 Page 599: Found 10 companies
  📄 Page 600: Found 10 companies
  ⏳ Progress: 600/835 (added: 0, existing: 6000)
  📄 Page 601: Found 10 companies
  📄 Page 602: Found 10 companies
  📄 Page 603: Found 10 companies
  📄 Page 604: Found 10 companies
  📄 Page 605: Found 10 companies
  📄 Page 606: Found 10 companies
  📄 Page 607: Found 10 companies
  📄 Page 608: Found 10 companies
  📄 Page 609: Found 10 companies
  📄 Page 610: Found 10 companies
  ⏳ Progress: 610/835 (added: 0, existing: 6100)
  📄 Page 611: Found 10 companies
  📄 Page 612: Found 10 companies
  📄 Page 613: Found 10 companies
  📄 Page 614: Found 10 companies
  📄 Page 615: Found 10 companies
  📄 Page 616: Found 10 companies
  📄 Page 617: Found 10 companies
  📄 Page 618: Found 10 companies
  📄 Page 619: Found 10 companies
  📄 Page 620: Found 10 companies
  ⏳ Progress: 620/835 (added: 0, existing: 6200)
  📄 Page 621: Found 10 companies
  📄 Page 622: Found 10 companies
  📄 Page 623: Found 10 companies
  📄 Page 624: Found 10 companies
  📄 Page 625: Found 10 companies
  📄 Page 626: Found 10 companies
  📄 Page 627: Found 10 companies
  📄 Page 628: Found 10 companies
  📄 Page 629: Found 10 companies
  📄 Page 630: Found 10 companies
  ⏳ Progress: 630/835 (added: 0, existing: 6300)
  📄 Page 631: Found 10 companies
  📄 Page 632: Found 10 companies
  📄 Page 633: Found 10 companies
  📄 Page 634: Found 10 companies
  📄 Page 635: Found 10 companies
  📄 Page 636: Found 10 companies
  📄 Page 637: Found 10 companies
  📄 Page 638: Found 10 companies
  📄 Page 639: Found 10 companies
  📄 Page 640: Found 10 companies
  ⏳ Progress: 640/835 (added: 0, existing: 6400)
  📄 Page 641: Found 10 companies
  📄 Page 642: Found 10 companies
  📄 Page 643: Found 10 companies
  📄 Page 644: Found 10 companies
  📄 Page 645: Found 10 companies
  📄 Page 646: Found 10 companies
  📄 Page 647: Found 10 companies
  📄 Page 648: Found 10 companies
  📄 Page 649: Found 10 companies
  📄 Page 650: Found 10 companies
  ⏳ Progress: 650/835 (added: 0, existing: 6500)
  📄 Page 651: Found 10 companies
  📄 Page 652: Found 10 companies
  📄 Page 653: Found 10 companies
  📄 Page 654: Found 10 companies
  📄 Page 655: Found 10 companies
  📄 Page 656: Found 10 companies
  📄 Page 657: Found 10 companies
  📄 Page 658: Found 10 companies
  📄 Page 659: Found 10 companies
  📄 Page 660: Found 10 companies
  ⏳ Progress: 660/835 (added: 0, existing: 6600)
  📄 Page 661: Found 10 companies
  📄 Page 662: Found 10 companies
  📄 Page 663: Found 10 companies
  📄 Page 664: Found 10 companies
  📄 Page 665: Found 10 companies
  📄 Page 666: Found 10 companies
  📄 Page 667: Found 10 companies
  📄 Page 668: Found 10 companies
  📄 Page 669: Found 10 companies
  📄 Page 670: Found 10 companies
  ⏳ Progress: 670/835 (added: 0, existing: 6700)
  📄 Page 671: Found 10 companies
  📄 Page 672: Found 10 companies
  📄 Page 673: Found 10 companies
  📄 Page 674: Found 10 companies
  📄 Page 675: Found 10 companies
  📄 Page 676: Found 10 companies
  📄 Page 677: Found 10 companies
  📄 Page 678: Found 10 companies
  📄 Page 679: Found 10 companies
  📄 Page 680: Found 10 companies
  ⏳ Progress: 680/835 (added: 0, existing: 6800)
  📄 Page 681: Found 10 companies
  📄 Page 682: Found 10 companies
  📄 Page 683: Found 10 companies
  📄 Page 684: Found 10 companies
  📄 Page 685: Found 10 companies
  📄 Page 686: Found 10 companies
  📄 Page 687: Found 10 companies
  📄 Page 688: Found 10 companies
  📄 Page 689: Found 10 companies
  📄 Page 690: Found 10 companies
  ⏳ Progress: 690/835 (added: 0, existing: 6900)
  📄 Page 691: Found 10 companies
  📄 Page 692: Found 10 companies
  📄 Page 693: Found 10 companies
  📄 Page 694: Found 10 companies
  📄 Page 695: Found 10 companies
  📄 Page 696: Found 10 companies
  📄 Page 697: Found 10 companies
  📄 Page 698: Found 10 companies
  📄 Page 699: Found 10 companies
  📄 Page 700: Found 10 companies
  ⏳ Progress: 700/835 (added: 0, existing: 7000)
  📄 Page 701: Found 10 companies
  📄 Page 702: Found 10 companies
  📄 Page 703: Found 10 companies
  📄 Page 704: Found 10 companies
  📄 Page 705: Found 10 companies
  📄 Page 706: Found 10 companies
  📄 Page 707: Found 10 companies
  📄 Page 708: Found 10 companies
  📄 Page 709: Found 10 companies
  📄 Page 710: Found 10 companies
  ⏳ Progress: 710/835 (added: 0, existing: 7100)
  📄 Page 711: Found 10 companies
  📄 Page 712: Found 10 companies
  📄 Page 713: Found 10 companies
  📄 Page 714: Found 10 companies
  📄 Page 715: Found 10 companies
  📄 Page 716: Found 10 companies
  📄 Page 717: Found 10 companies
  📄 Page 718: Found 10 companies
  📄 Page 719: Found 10 companies
  📄 Page 720: Found 10 companies
  ⏳ Progress: 720/835 (added: 0, existing: 7200)
  📄 Page 721: Found 10 companies
  📄 Page 722: Found 10 companies
  📄 Page 723: Found 10 companies
  📄 Page 724: Found 10 companies
  📄 Page 725: Found 10 companies
  📄 Page 726: Found 10 companies
  📄 Page 727: Found 10 companies
  📄 Page 728: Found 10 companies
  📄 Page 729: Found 10 companies
  📄 Page 730: Found 10 companies
  ⏳ Progress: 730/835 (added: 0, existing: 7300)
  📄 Page 731: Found 10 companies
  📄 Page 732: Found 10 companies
  📄 Page 733: Found 10 companies
  📄 Page 734: Found 10 companies
  📄 Page 735: Found 10 companies
  📄 Page 736: Found 10 companies
  📄 Page 737: Found 10 companies
  📄 Page 738: Found 10 companies
  📄 Page 739: Found 10 companies
  📄 Page 740: Found 10 companies
  ⏳ Progress: 740/835 (added: 0, existing: 7400)
  📄 Page 741: Found 10 companies
  📄 Page 742: Found 10 companies
  📄 Page 743: Found 10 companies
  📄 Page 744: Found 10 companies
  📄 Page 745: Found 10 companies
  📄 Page 746: Found 10 companies
  📄 Page 747: Found 10 companies
  📄 Page 748: Found 10 companies
  📄 Page 749: Found 10 companies
  📄 Page 750: Found 10 companies
  ⏳ Progress: 750/835 (added: 0, existing: 7500)
  📄 Page 751: Found 10 companies
  📄 Page 752: Found 10 companies
  📄 Page 753: Found 10 companies
  📄 Page 754: Found 10 companies
  📄 Page 755: Found 10 companies
  📄 Page 756: Found 10 companies
  📄 Page 757: Found 10 companies
  📄 Page 758: Found 10 companies
  📄 Page 759: Found 10 companies
  📄 Page 760: Found 10 companies
  ⏳ Progress: 760/835 (added: 0, existing: 7600)
  📄 Page 761: Found 10 companies
  📄 Page 762: Found 10 companies
  📄 Page 763: Found 10 companies
  📄 Page 764: Found 10 companies
  📄 Page 765: Found 10 companies
  📄 Page 766: Found 10 companies
  📄 Page 767: Found 10 companies
  📄 Page 768: Found 10 companies
  📄 Page 769: Found 10 companies
  📄 Page 770: Found 10 companies
  ⏳ Progress: 770/835 (added: 0, existing: 7700)
  📄 Page 771: Found 10 companies
  📄 Page 772: Found 10 companies
  📄 Page 773: Found 10 companies
  📄 Page 774: Found 10 companies
  📄 Page 775: Found 10 companies
  📄 Page 776: Found 10 companies
  📄 Page 777: Found 10 companies
  📄 Page 778: Found 10 companies
  📄 Page 779: Found 10 companies
  📄 Page 780: Found 10 companies
  ⏳ Progress: 780/835 (added: 0, existing: 7800)
  📄 Page 781: Found 10 companies
  📄 Page 782: Found 10 companies
  📄 Page 783: Found 10 companies
  📄 Page 784: Found 10 companies
  📄 Page 785: Found 10 companies
  📄 Page 786: Found 10 companies
  📄 Page 787: Found 10 companies
  📄 Page 788: Found 10 companies
  📄 Page 789: Found 10 companies
  📄 Page 790: Found 10 companies
  ⏳ Progress: 790/835 (added: 0, existing: 7900)
  📄 Page 791: Found 10 companies
  📄 Page 792: Found 10 companies
  📄 Page 793: Found 10 companies
  📄 Page 794: Found 10 companies
  📄 Page 795: Found 10 companies
  📄 Page 796: Found 10 companies
  📄 Page 797: Found 10 companies
  📄 Page 798: Found 10 companies
  📄 Page 799: Found 10 companies
  📄 Page 800: Found 10 companies
  ⏳ Progress: 800/835 (added: 0, existing: 8000)
  📄 Page 801: Found 10 companies
  📄 Page 802: Found 10 companies
  📄 Page 803: Found 10 companies
  📄 Page 804: Found 10 companies
  📄 Page 805: Found 10 companies
  📄 Page 806: Found 10 companies
  📄 Page 807: Found 10 companies
  📄 Page 808: Found 10 companies
  📄 Page 809: Found 10 companies
  📄 Page 810: Found 10 companies
  ⏳ Progress: 810/835 (added: 0, existing: 8100)
  📄 Page 811: Found 10 companies
  📄 Page 812: Found 10 companies
  📄 Page 813: Found 10 companies
  📄 Page 814: Found 10 companies
  📄 Page 815: Found 10 companies
  📄 Page 816: Found 10 companies
  📄 Page 817: Found 10 companies
  📄 Page 818: Found 10 companies
  📄 Page 819: Found 10 companies
  📄 Page 820: Found 10 companies
  ⏳ Progress: 820/835 (added: 0, existing: 8200)
  📄 Page 821: Found 10 companies
  📄 Page 822: Found 10 companies
  📄 Page 823: Found 10 companies
  📄 Page 824: Found 10 companies
  📄 Page 825: Found 10 companies
  📄 Page 826: Found 10 companies
  📄 Page 827: Found 10 companies
  📄 Page 828: Found 10 companies
  📄 Page 829: Found 10 companies
  📄 Page 830: Found 10 companies
  ⏳ Progress: 830/835 (added: 0, existing: 8300)
  📄 Page 831: Found 10 companies
  📄 Page 832: Found 10 companies
  📄 Page 833: Found 10 companies
  📄 Page 834: Found 10 companies
  📄 Page 835: Found 10 companies

================================================================================
✅ THEIRSTACK EXPANSION FÆRDIG!
   Nytilføjet: 0 virksomheder
   Allerede eksisterende: 8,350
   Total TheirStack i DB: 8,350
================================================================================
